2011-10-13 19:41:48,452 ["http-bio-8080"-exec-5] ERROR StackTrace  - Full Stack Trace:
java.io.IOException: couldn't connect to [/127.0.0.1:27017] bc:java.net.ConnectException: Connection refused
	at com.mongodb.DBPort._open(DBPort.java:206)
	at com.mongodb.DBPort.go(DBPort.java:94)
	at com.mongodb.DBPort.go(DBPort.java:75)
	at com.mongodb.DBPort.call(DBPort.java:65)
	at com.mongodb.DBTCPConnector.call(DBTCPConnector.java:201)
	at com.mongodb.DBApiLayer$MyCollection.__find(DBApiLayer.java:295)
	at com.mongodb.DBCursor._check(DBCursor.java:354)
	at com.mongodb.DBCursor._hasNext(DBCursor.java:484)
	at com.mongodb.DBCursor._fill(DBCursor.java:544)
	at com.mongodb.DBCursor.toArray(DBCursor.java:582)
	at com.mongodb.DBCursor.toArray(DBCursor.java:570)
	at org.grails.datastore.mapping.mongo.query.MongoQuery$MongoResultList.<init>(MongoQuery.java:688)
	at org.grails.datastore.mapping.mongo.query.MongoQuery$27.doInDB(MongoQuery.java:402)
	at org.grails.datastore.mapping.mongo.query.MongoQuery$27.doInDB(MongoQuery.java:374)
	at org.springframework.data.document.mongodb.MongoTemplate.execute(MongoTemplate.java:331)
	at org.grails.datastore.mapping.mongo.query.MongoQuery.executeQuery(MongoQuery.java:374)
	at org.grails.datastore.mapping.query.Query.list(Query.java:517)
	at org.grails.datastore.mapping.query.Query$list.call(Unknown Source)
	at org.grails.datastore.gorm.GormStaticApi$_list_closure12.doCall(GormStaticApi.groovy:280)
	at sun.reflect.NativeMethodAccessorImpl.invoke0(Native Method)
	at sun.reflect.NativeMethodAccessorImpl.invoke(NativeMethodAccessorImpl.java:39)
	at sun.reflect.DelegatingMethodAccessorImpl.invoke(DelegatingMethodAccessorImpl.java:25)
	at java.lang.reflect.Method.invoke(Method.java:597)
	at org.codehaus.groovy.reflection.CachedMethod.invoke(CachedMethod.java:90)
	at groovy.lang.MetaMethod.doMethodInvoke(MetaMethod.java:233)
	at groovy.lang.MetaClassImpl.invokeMethod(MetaClassImpl.java:1053)
	at groovy.lang.ExpandoMetaClass.invokeMethod(ExpandoMetaClass.java:1071)
	at groovy.lang.MetaClassImpl.invokeMethod(MetaClassImpl.java:883)
	at groovy.lang.Closure.call(Closure.java:410)
	at org.codehaus.groovy.runtime.ConvertedClosure.invokeCustom(ConvertedClosure.java:51)
	at org.codehaus.groovy.runtime.ConversionHandler.invoke(ConversionHandler.java:82)
	at $Proxy14.doInSession(Unknown Source)
	at org.grails.datastore.mapping.core.DatastoreUtils.execute(DatastoreUtils.java:301)
	at org.grails.datastore.mapping.core.DatastoreUtils$execute.call(Unknown Source)
	at org.grails.datastore.gorm.AbstractDatastoreApi.execute(AbstractDatastoreApi.groovy:34)
	at sun.reflect.NativeMethodAccessorImpl.invoke0(Native Method)
	at sun.reflect.NativeMethodAccessorImpl.invoke(NativeMethodAccessorImpl.java:39)
	at sun.reflect.DelegatingMethodAccessorImpl.invoke(DelegatingMethodAccessorImpl.java:25)
	at java.lang.reflect.Method.invoke(Method.java:597)
	at org.codehaus.groovy.runtime.callsite.PogoMetaMethodSite$PogoCachedMethodSite.invoke(PogoMetaMethodSite.java:226)
	at org.codehaus.groovy.runtime.callsite.PogoMetaMethodSite.callCurrent(PogoMetaMethodSite.java:52)
	at org.codehaus.groovy.runtime.callsite.AbstractCallSite.callCurrent(AbstractCallSite.java:141)
	at org.grails.datastore.gorm.GormStaticApi.list(GormStaticApi.groovy:277)
	at sun.reflect.NativeMethodAccessorImpl.invoke0(Native Method)
	at sun.reflect.NativeMethodAccessorImpl.invoke(NativeMethodAccessorImpl.java:39)
	at sun.reflect.DelegatingMethodAccessorImpl.invoke(DelegatingMethodAccessorImpl.java:25)
	at java.lang.reflect.Method.invoke(Method.java:597)
	at org.codehaus.groovy.reflection.CachedMethod.invoke(CachedMethod.java:90)
	at groovy.lang.MetaMethod.doMethodInvoke(MetaMethod.java:233)
	at groovy.lang.MetaClassImpl.invokeMethod(MetaClassImpl.java:1053)
	at groovy.lang.ExpandoMetaClass.invokeMethod(ExpandoMetaClass.java:1071)
	at groovy.lang.MetaClassImpl.invokeMethod(MetaClassImpl.java:883)
	at org.codehaus.groovy.runtime.InvokerHelper.invokePogoMethod(InvokerHelper.java:793)
	at org.codehaus.groovy.runtime.InvokerHelper.invokeMethod(InvokerHelper.java:776)
	at org.codehaus.groovy.runtime.ScriptBytecodeAdapter.invokeMethodN(ScriptBytecodeAdapter.java:164)
	at org.grails.datastore.gorm.StaticMethodInvokingClosure.call(GormEnhancer.groovy:268)
	at org.codehaus.groovy.runtime.metaclass.ClosureStaticMetaMethod.invoke(ClosureStaticMetaMethod.java:59)
	at org.codehaus.groovy.runtime.callsite.StaticMetaMethodSite$StaticMetaMethodSiteNoUnwrapNoCoerce.invoke(StaticMetaMethodSite.java:148)
	at org.codehaus.groovy.runtime.callsite.StaticMetaMethodSite.call(StaticMetaMethodSite.java:88)
	at org.codehaus.groovy.runtime.callsite.AbstractCallSite.call(AbstractCallSite.java:116)
	at br.com.gfuture.grails.full.example.UserController.list(UserController.groovy:15)
	at sun.reflect.NativeMethodAccessorImpl.invoke0(Native Method)
	at sun.reflect.NativeMethodAccessorImpl.invoke(NativeMethodAccessorImpl.java:39)
	at sun.reflect.DelegatingMethodAccessorImpl.invoke(DelegatingMethodAccessorImpl.java:25)
	at java.lang.reflect.Method.invoke(Method.java:597)
	at org.codehaus.groovy.grails.web.servlet.mvc.MixedGrailsControllerHelper.invoke(MixedGrailsControllerHelper.java:67)
	at org.codehaus.groovy.grails.web.servlet.mvc.AbstractGrailsControllerHelper.handleAction(AbstractGrailsControllerHelper.java:330)
	at org.codehaus.groovy.grails.web.servlet.mvc.AbstractGrailsControllerHelper.executeAction(AbstractGrailsControllerHelper.java:211)
	at org.codehaus.groovy.grails.web.servlet.mvc.AbstractGrailsControllerHelper.handleURI(AbstractGrailsControllerHelper.java:177)
	at org.codehaus.groovy.grails.web.servlet.mvc.AbstractGrailsControllerHelper.handleURI(AbstractGrailsControllerHelper.java:116)
	at org.codehaus.groovy.grails.web.servlet.mvc.SimpleGrailsController.handleRequest(SimpleGrailsController.java:72)
	at org.springframework.web.servlet.mvc.SimpleControllerHandlerAdapter.handle(SimpleControllerHandlerAdapter.java:48)
	at org.codehaus.groovy.grails.web.servlet.GrailsDispatcherServlet.doDispatch(GrailsDispatcherServlet.java:317)
	at org.springframework.web.servlet.DispatcherServlet.doService(DispatcherServlet.java:792)
	at org.springframework.web.servlet.FrameworkServlet.processRequest(FrameworkServlet.java:851)
	at org.springframework.web.servlet.FrameworkServlet.doGet(FrameworkServlet.java:756)
	at javax.servlet.http.HttpServlet.service(HttpServlet.java:621)
	at javax.servlet.http.HttpServlet.service(HttpServlet.java:722)
	at org.apache.catalina.core.ApplicationFilterChain.internalDoFilter(ApplicationFilterChain.java:304)
	at org.apache.catalina.core.ApplicationFilterChain.doFilter(ApplicationFilterChain.java:210)
	at org.springframework.web.filter.OncePerRequestFilter.doFilter(OncePerRequestFilter.java:70)
	at org.apache.catalina.core.ApplicationFilterChain.internalDoFilter(ApplicationFilterChain.java:243)
	at org.apache.catalina.core.ApplicationFilterChain.doFilter(ApplicationFilterChain.java:210)
	at org.springframework.web.filter.OncePerRequestFilter.doFilter(OncePerRequestFilter.java:70)
	at org.apache.catalina.core.ApplicationFilterChain.internalDoFilter(ApplicationFilterChain.java:243)
	at org.apache.catalina.core.ApplicationFilterChain.doFilter(ApplicationFilterChain.java:210)
	at org.springframework.web.filter.OncePerRequestFilter.doFilter(OncePerRequestFilter.java:70)
	at org.apache.catalina.core.ApplicationFilterChain.internalDoFilter(ApplicationFilterChain.java:243)
	at org.apache.catalina.core.ApplicationFilterChain.doFilter(ApplicationFilterChain.java:210)
	at org.apache.catalina.core.ApplicationDispatcher.invoke(ApplicationDispatcher.java:684)
	at org.apache.catalina.core.ApplicationDispatcher.processRequest(ApplicationDispatcher.java:471)
	at org.apache.catalina.core.ApplicationDispatcher.doForward(ApplicationDispatcher.java:402)
	at org.apache.catalina.core.ApplicationDispatcher.forward(ApplicationDispatcher.java:329)
	at org.codehaus.groovy.grails.web.util.WebUtils.forwardRequestForUrlMappingInfo(WebUtils.java:300)
	at org.codehaus.groovy.grails.web.util.WebUtils.forwardRequestForUrlMappingInfo(WebUtils.java:265)
	at org.codehaus.groovy.grails.web.util.WebUtils.forwardRequestForUrlMappingInfo(WebUtils.java:256)
	at org.codehaus.groovy.grails.web.mapping.filter.UrlMappingsFilter.doFilterInternal(UrlMappingsFilter.java:201)
	at org.springframework.web.filter.OncePerRequestFilter.doFilter(OncePerRequestFilter.java:76)
	at org.apache.catalina.core.ApplicationFilterChain.internalDoFilter(ApplicationFilterChain.java:243)
	at org.apache.catalina.core.ApplicationFilterChain.doFilter(ApplicationFilterChain.java:210)
	at org.codehaus.groovy.grails.web.sitemesh.GrailsPageFilter.obtainContent(GrailsPageFilter.java:240)
	at org.codehaus.groovy.grails.web.sitemesh.GrailsPageFilter.doFilter(GrailsPageFilter.java:150)
	at org.apache.catalina.core.ApplicationFilterChain.internalDoFilter(ApplicationFilterChain.java:243)
	at org.apache.catalina.core.ApplicationFilterChain.doFilter(ApplicationFilterChain.java:210)
	at org.codehaus.groovy.grails.web.servlet.mvc.GrailsWebRequestFilter.doFilterInternal(GrailsWebRequestFilter.java:69)
	at org.springframework.web.filter.OncePerRequestFilter.doFilter(OncePerRequestFilter.java:76)
	at org.apache.catalina.core.ApplicationFilterChain.internalDoFilter(ApplicationFilterChain.java:243)
	at org.apache.catalina.core.ApplicationFilterChain.doFilter(ApplicationFilterChain.java:210)
	at org.codehaus.groovy.grails.web.filters.HiddenHttpMethodFilter.doFilterInternal(HiddenHttpMethodFilter.java:69)
	at org.springframework.web.filter.OncePerRequestFilter.doFilter(OncePerRequestFilter.java:76)
	at org.apache.catalina.core.ApplicationFilterChain.internalDoFilter(ApplicationFilterChain.java:243)
	at org.apache.catalina.core.ApplicationFilterChain.doFilter(ApplicationFilterChain.java:210)
	at org.springframework.web.filter.CharacterEncodingFilter.doFilterInternal(CharacterEncodingFilter.java:88)
	at org.springframework.web.filter.OncePerRequestFilter.doFilter(OncePerRequestFilter.java:76)
	at org.springframework.web.filter.DelegatingFilterProxy.invokeDelegate(DelegatingFilterProxy.java:346)
	at org.springframework.web.filter.DelegatingFilterProxy.doFilter(DelegatingFilterProxy.java:259)
	at org.apache.catalina.core.ApplicationFilterChain.internalDoFilter(ApplicationFilterChain.java:243)
	at org.apache.catalina.core.ApplicationFilterChain.doFilter(ApplicationFilterChain.java:210)
	at org.apache.catalina.core.StandardWrapperValve.invoke(StandardWrapperValve.java:240)
	at org.apache.catalina.core.StandardContextValve.invoke(StandardContextValve.java:164)
	at org.apache.catalina.authenticator.AuthenticatorBase.invoke(AuthenticatorBase.java:462)
	at org.apache.catalina.core.StandardHostValve.invoke(StandardHostValve.java:164)
	at org.apache.catalina.valves.ErrorReportValve.invoke(ErrorReportValve.java:100)
	at org.apache.catalina.core.StandardEngineValve.invoke(StandardEngineValve.java:118)
	at org.apache.catalina.connector.CoyoteAdapter.service(CoyoteAdapter.java:403)
	at org.apache.coyote.http11.Http11Processor.process(Http11Processor.java:301)
	at org.apache.coyote.http11.Http11Protocol$Http11ConnectionHandler.process(Http11Protocol.java:162)
	at org.apache.tomcat.util.net.JIoEndpoint$SocketProcessor.run(JIoEndpoint.java:309)
	at java.util.concurrent.ThreadPoolExecutor$Worker.runTask(ThreadPoolExecutor.java:886)
	at java.util.concurrent.ThreadPoolExecutor$Worker.run(ThreadPoolExecutor.java:908)
	at java.lang.Thread.run(Thread.java:619)
2011-10-13 19:41:48,467 ["http-bio-8080"-exec-5] ERROR StackTrace  - Full Stack Trace:
java.io.IOException: couldn't connect to [/127.0.0.1:27017] bc:java.net.ConnectException: Connection refused
	at com.mongodb.DBPort._open(DBPort.java:206)
	at com.mongodb.DBPort.go(DBPort.java:94)
	at com.mongodb.DBPort.go(DBPort.java:75)
	at com.mongodb.DBPort.call(DBPort.java:65)
	at com.mongodb.DBTCPConnector.call(DBTCPConnector.java:201)
	at com.mongodb.DBApiLayer$MyCollection.__find(DBApiLayer.java:295)
	at com.mongodb.DBCursor._check(DBCursor.java:354)
	at com.mongodb.DBCursor._hasNext(DBCursor.java:484)
	at com.mongodb.DBCursor._fill(DBCursor.java:544)
	at com.mongodb.DBCursor.toArray(DBCursor.java:582)
	at com.mongodb.DBCursor.toArray(DBCursor.java:570)
	at org.grails.datastore.mapping.mongo.query.MongoQuery$MongoResultList.<init>(MongoQuery.java:688)
	at org.grails.datastore.mapping.mongo.query.MongoQuery$27.doInDB(MongoQuery.java:402)
	at org.grails.datastore.mapping.mongo.query.MongoQuery$27.doInDB(MongoQuery.java:374)
	at org.grails.datastore.mapping.mongo.query.MongoQuery.executeQuery(MongoQuery.java:374)
	at org.grails.datastore.mapping.query.Query.list(Query.java:517)
	at org.grails.datastore.gorm.GormStaticApi$_list_closure12.doCall(GormStaticApi.groovy:280)
	at org.grails.datastore.mapping.core.DatastoreUtils.execute(DatastoreUtils.java:301)
	at org.grails.datastore.gorm.AbstractDatastoreApi.execute(AbstractDatastoreApi.groovy:34)
	at org.grails.datastore.gorm.GormStaticApi.list(GormStaticApi.groovy:277)
	at org.grails.datastore.gorm.StaticMethodInvokingClosure.call(GormEnhancer.groovy:268)
	at br.com.gfuture.grails.full.example.UserController.list(UserController.groovy:15)
	at java.util.concurrent.ThreadPoolExecutor$Worker.runTask(ThreadPoolExecutor.java:886)
	at java.util.concurrent.ThreadPoolExecutor$Worker.run(ThreadPoolExecutor.java:908)
	at java.lang.Thread.run(Thread.java:619)
2011-10-13 19:41:48,469 ["http-bio-8080"-exec-5] ERROR StackTrace  - Full Stack Trace:
java.io.IOException: couldn't connect to [/127.0.0.1:27017] bc:java.net.ConnectException: Connection refused
	at com.mongodb.DBPort._open(DBPort.java:206)
	at com.mongodb.DBPort.go(DBPort.java:94)
	at com.mongodb.DBPort.go(DBPort.java:75)
	at com.mongodb.DBPort.call(DBPort.java:65)
	at com.mongodb.DBTCPConnector.call(DBTCPConnector.java:201)
	at com.mongodb.DBTCPConnector.call(DBTCPConnector.java:220)
	at com.mongodb.DBApiLayer$MyCollection.__find(DBApiLayer.java:295)
	at com.mongodb.DBCursor._check(DBCursor.java:354)
	at com.mongodb.DBCursor._hasNext(DBCursor.java:484)
	at com.mongodb.DBCursor._fill(DBCursor.java:544)
	at com.mongodb.DBCursor.toArray(DBCursor.java:582)
	at com.mongodb.DBCursor.toArray(DBCursor.java:570)
	at org.grails.datastore.mapping.mongo.query.MongoQuery$MongoResultList.<init>(MongoQuery.java:688)
	at org.grails.datastore.mapping.mongo.query.MongoQuery$27.doInDB(MongoQuery.java:402)
	at org.grails.datastore.mapping.mongo.query.MongoQuery$27.doInDB(MongoQuery.java:374)
	at org.springframework.data.document.mongodb.MongoTemplate.execute(MongoTemplate.java:331)
	at org.grails.datastore.mapping.mongo.query.MongoQuery.executeQuery(MongoQuery.java:374)
	at org.grails.datastore.mapping.query.Query.list(Query.java:517)
	at org.grails.datastore.mapping.query.Query$list.call(Unknown Source)
	at org.grails.datastore.gorm.GormStaticApi$_list_closure12.doCall(GormStaticApi.groovy:280)
	at sun.reflect.NativeMethodAccessorImpl.invoke0(Native Method)
	at sun.reflect.NativeMethodAccessorImpl.invoke(NativeMethodAccessorImpl.java:39)
	at sun.reflect.DelegatingMethodAccessorImpl.invoke(DelegatingMethodAccessorImpl.java:25)
	at java.lang.reflect.Method.invoke(Method.java:597)
	at org.codehaus.groovy.reflection.CachedMethod.invoke(CachedMethod.java:90)
	at groovy.lang.MetaMethod.doMethodInvoke(MetaMethod.java:233)
	at groovy.lang.MetaClassImpl.invokeMethod(MetaClassImpl.java:1053)
	at groovy.lang.ExpandoMetaClass.invokeMethod(ExpandoMetaClass.java:1071)
	at groovy.lang.MetaClassImpl.invokeMethod(MetaClassImpl.java:883)
	at groovy.lang.Closure.call(Closure.java:410)
	at org.codehaus.groovy.runtime.ConvertedClosure.invokeCustom(ConvertedClosure.java:51)
	at org.codehaus.groovy.runtime.ConversionHandler.invoke(ConversionHandler.java:82)
	at $Proxy14.doInSession(Unknown Source)
	at org.grails.datastore.mapping.core.DatastoreUtils.execute(DatastoreUtils.java:301)
	at org.grails.datastore.mapping.core.DatastoreUtils$execute.call(Unknown Source)
	at org.grails.datastore.gorm.AbstractDatastoreApi.execute(AbstractDatastoreApi.groovy:34)
	at sun.reflect.NativeMethodAccessorImpl.invoke0(Native Method)
	at sun.reflect.NativeMethodAccessorImpl.invoke(NativeMethodAccessorImpl.java:39)
	at sun.reflect.DelegatingMethodAccessorImpl.invoke(DelegatingMethodAccessorImpl.java:25)
	at java.lang.reflect.Method.invoke(Method.java:597)
	at org.codehaus.groovy.runtime.callsite.PogoMetaMethodSite$PogoCachedMethodSite.invoke(PogoMetaMethodSite.java:226)
	at org.codehaus.groovy.runtime.callsite.PogoMetaMethodSite.callCurrent(PogoMetaMethodSite.java:52)
	at org.codehaus.groovy.runtime.callsite.AbstractCallSite.callCurrent(AbstractCallSite.java:141)
	at org.grails.datastore.gorm.GormStaticApi.list(GormStaticApi.groovy:277)
	at sun.reflect.NativeMethodAccessorImpl.invoke0(Native Method)
	at sun.reflect.NativeMethodAccessorImpl.invoke(NativeMethodAccessorImpl.java:39)
	at sun.reflect.DelegatingMethodAccessorImpl.invoke(DelegatingMethodAccessorImpl.java:25)
	at java.lang.reflect.Method.invoke(Method.java:597)
	at org.codehaus.groovy.reflection.CachedMethod.invoke(CachedMethod.java:90)
	at groovy.lang.MetaMethod.doMethodInvoke(MetaMethod.java:233)
	at groovy.lang.MetaClassImpl.invokeMethod(MetaClassImpl.java:1053)
	at groovy.lang.ExpandoMetaClass.invokeMethod(ExpandoMetaClass.java:1071)
	at groovy.lang.MetaClassImpl.invokeMethod(MetaClassImpl.java:883)
	at org.codehaus.groovy.runtime.InvokerHelper.invokePogoMethod(InvokerHelper.java:793)
	at org.codehaus.groovy.runtime.InvokerHelper.invokeMethod(InvokerHelper.java:776)
	at org.codehaus.groovy.runtime.ScriptBytecodeAdapter.invokeMethodN(ScriptBytecodeAdapter.java:164)
	at org.grails.datastore.gorm.StaticMethodInvokingClosure.call(GormEnhancer.groovy:268)
	at org.codehaus.groovy.runtime.metaclass.ClosureStaticMetaMethod.invoke(ClosureStaticMetaMethod.java:59)
	at org.codehaus.groovy.runtime.callsite.StaticMetaMethodSite$StaticMetaMethodSiteNoUnwrapNoCoerce.invoke(StaticMetaMethodSite.java:148)
	at org.codehaus.groovy.runtime.callsite.StaticMetaMethodSite.call(StaticMetaMethodSite.java:88)
	at org.codehaus.groovy.runtime.callsite.AbstractCallSite.call(AbstractCallSite.java:116)
	at br.com.gfuture.grails.full.example.UserController.list(UserController.groovy:15)
	at sun.reflect.NativeMethodAccessorImpl.invoke0(Native Method)
	at sun.reflect.NativeMethodAccessorImpl.invoke(NativeMethodAccessorImpl.java:39)
	at sun.reflect.DelegatingMethodAccessorImpl.invoke(DelegatingMethodAccessorImpl.java:25)
	at java.lang.reflect.Method.invoke(Method.java:597)
	at org.codehaus.groovy.grails.web.servlet.mvc.MixedGrailsControllerHelper.invoke(MixedGrailsControllerHelper.java:67)
	at org.codehaus.groovy.grails.web.servlet.mvc.AbstractGrailsControllerHelper.handleAction(AbstractGrailsControllerHelper.java:330)
	at org.codehaus.groovy.grails.web.servlet.mvc.AbstractGrailsControllerHelper.executeAction(AbstractGrailsControllerHelper.java:211)
	at org.codehaus.groovy.grails.web.servlet.mvc.AbstractGrailsControllerHelper.handleURI(AbstractGrailsControllerHelper.java:177)
	at org.codehaus.groovy.grails.web.servlet.mvc.AbstractGrailsControllerHelper.handleURI(AbstractGrailsControllerHelper.java:116)
	at org.codehaus.groovy.grails.web.servlet.mvc.SimpleGrailsController.handleRequest(SimpleGrailsController.java:72)
	at org.springframework.web.servlet.mvc.SimpleControllerHandlerAdapter.handle(SimpleControllerHandlerAdapter.java:48)
	at org.codehaus.groovy.grails.web.servlet.GrailsDispatcherServlet.doDispatch(GrailsDispatcherServlet.java:317)
	at org.springframework.web.servlet.DispatcherServlet.doService(DispatcherServlet.java:792)
	at org.springframework.web.servlet.FrameworkServlet.processRequest(FrameworkServlet.java:851)
	at org.springframework.web.servlet.FrameworkServlet.doGet(FrameworkServlet.java:756)
	at javax.servlet.http.HttpServlet.service(HttpServlet.java:621)
	at javax.servlet.http.HttpServlet.service(HttpServlet.java:722)
	at org.apache.catalina.core.ApplicationFilterChain.internalDoFilter(ApplicationFilterChain.java:304)
	at org.apache.catalina.core.ApplicationFilterChain.doFilter(ApplicationFilterChain.java:210)
	at org.springframework.web.filter.OncePerRequestFilter.doFilter(OncePerRequestFilter.java:70)
	at org.apache.catalina.core.ApplicationFilterChain.internalDoFilter(ApplicationFilterChain.java:243)
	at org.apache.catalina.core.ApplicationFilterChain.doFilter(ApplicationFilterChain.java:210)
	at org.springframework.web.filter.OncePerRequestFilter.doFilter(OncePerRequestFilter.java:70)
	at org.apache.catalina.core.ApplicationFilterChain.internalDoFilter(ApplicationFilterChain.java:243)
	at org.apache.catalina.core.ApplicationFilterChain.doFilter(ApplicationFilterChain.java:210)
	at org.springframework.web.filter.OncePerRequestFilter.doFilter(OncePerRequestFilter.java:70)
	at org.apache.catalina.core.ApplicationFilterChain.internalDoFilter(ApplicationFilterChain.java:243)
	at org.apache.catalina.core.ApplicationFilterChain.doFilter(ApplicationFilterChain.java:210)
	at org.apache.catalina.core.ApplicationDispatcher.invoke(ApplicationDispatcher.java:684)
	at org.apache.catalina.core.ApplicationDispatcher.processRequest(ApplicationDispatcher.java:471)
	at org.apache.catalina.core.ApplicationDispatcher.doForward(ApplicationDispatcher.java:402)
	at org.apache.catalina.core.ApplicationDispatcher.forward(ApplicationDispatcher.java:329)
	at org.codehaus.groovy.grails.web.util.WebUtils.forwardRequestForUrlMappingInfo(WebUtils.java:300)
	at org.codehaus.groovy.grails.web.util.WebUtils.forwardRequestForUrlMappingInfo(WebUtils.java:265)
	at org.codehaus.groovy.grails.web.util.WebUtils.forwardRequestForUrlMappingInfo(WebUtils.java:256)
	at org.codehaus.groovy.grails.web.mapping.filter.UrlMappingsFilter.doFilterInternal(UrlMappingsFilter.java:201)
	at org.springframework.web.filter.OncePerRequestFilter.doFilter(OncePerRequestFilter.java:76)
	at org.apache.catalina.core.ApplicationFilterChain.internalDoFilter(ApplicationFilterChain.java:243)
	at org.apache.catalina.core.ApplicationFilterChain.doFilter(ApplicationFilterChain.java:210)
	at org.codehaus.groovy.grails.web.sitemesh.GrailsPageFilter.obtainContent(GrailsPageFilter.java:240)
	at org.codehaus.groovy.grails.web.sitemesh.GrailsPageFilter.doFilter(GrailsPageFilter.java:150)
	at org.apache.catalina.core.ApplicationFilterChain.internalDoFilter(ApplicationFilterChain.java:243)
	at org.apache.catalina.core.ApplicationFilterChain.doFilter(ApplicationFilterChain.java:210)
	at org.codehaus.groovy.grails.web.servlet.mvc.GrailsWebRequestFilter.doFilterInternal(GrailsWebRequestFilter.java:69)
	at org.springframework.web.filter.OncePerRequestFilter.doFilter(OncePerRequestFilter.java:76)
	at org.apache.catalina.core.ApplicationFilterChain.internalDoFilter(ApplicationFilterChain.java:243)
	at org.apache.catalina.core.ApplicationFilterChain.doFilter(ApplicationFilterChain.java:210)
	at org.codehaus.groovy.grails.web.filters.HiddenHttpMethodFilter.doFilterInternal(HiddenHttpMethodFilter.java:69)
	at org.springframework.web.filter.OncePerRequestFilter.doFilter(OncePerRequestFilter.java:76)
	at org.apache.catalina.core.ApplicationFilterChain.internalDoFilter(ApplicationFilterChain.java:243)
	at org.apache.catalina.core.ApplicationFilterChain.doFilter(ApplicationFilterChain.java:210)
	at org.springframework.web.filter.CharacterEncodingFilter.doFilterInternal(CharacterEncodingFilter.java:88)
	at org.springframework.web.filter.OncePerRequestFilter.doFilter(OncePerRequestFilter.java:76)
	at org.springframework.web.filter.DelegatingFilterProxy.invokeDelegate(DelegatingFilterProxy.java:346)
	at org.springframework.web.filter.DelegatingFilterProxy.doFilter(DelegatingFilterProxy.java:259)
	at org.apache.catalina.core.ApplicationFilterChain.internalDoFilter(ApplicationFilterChain.java:243)
	at org.apache.catalina.core.ApplicationFilterChain.doFilter(ApplicationFilterChain.java:210)
	at org.apache.catalina.core.StandardWrapperValve.invoke(StandardWrapperValve.java:240)
	at org.apache.catalina.core.StandardContextValve.invoke(StandardContextValve.java:164)
	at org.apache.catalina.authenticator.AuthenticatorBase.invoke(AuthenticatorBase.java:462)
	at org.apache.catalina.core.StandardHostValve.invoke(StandardHostValve.java:164)
	at org.apache.catalina.valves.ErrorReportValve.invoke(ErrorReportValve.java:100)
	at org.apache.catalina.core.StandardEngineValve.invoke(StandardEngineValve.java:118)
	at org.apache.catalina.connector.CoyoteAdapter.service(CoyoteAdapter.java:403)
	at org.apache.coyote.http11.Http11Processor.process(Http11Processor.java:301)
	at org.apache.coyote.http11.Http11Protocol$Http11ConnectionHandler.process(Http11Protocol.java:162)
	at org.apache.tomcat.util.net.JIoEndpoint$SocketProcessor.run(JIoEndpoint.java:309)
	at java.util.concurrent.ThreadPoolExecutor$Worker.runTask(ThreadPoolExecutor.java:886)
	at java.util.concurrent.ThreadPoolExecutor$Worker.run(ThreadPoolExecutor.java:908)
	at java.lang.Thread.run(Thread.java:619)
2011-10-13 19:41:48,470 ["http-bio-8080"-exec-5] ERROR StackTrace  - Full Stack Trace:
java.io.IOException: couldn't connect to [/127.0.0.1:27017] bc:java.net.ConnectException: Connection refused
	at com.mongodb.DBPort._open(DBPort.java:206)
	at com.mongodb.DBPort.go(DBPort.java:94)
	at com.mongodb.DBPort.go(DBPort.java:75)
	at com.mongodb.DBPort.call(DBPort.java:65)
	at com.mongodb.DBTCPConnector.call(DBTCPConnector.java:201)
	at com.mongodb.DBTCPConnector.call(DBTCPConnector.java:220)
	at com.mongodb.DBApiLayer$MyCollection.__find(DBApiLayer.java:295)
	at com.mongodb.DBCursor._check(DBCursor.java:354)
	at com.mongodb.DBCursor._hasNext(DBCursor.java:484)
	at com.mongodb.DBCursor._fill(DBCursor.java:544)
	at com.mongodb.DBCursor.toArray(DBCursor.java:582)
	at com.mongodb.DBCursor.toArray(DBCursor.java:570)
	at org.grails.datastore.mapping.mongo.query.MongoQuery$MongoResultList.<init>(MongoQuery.java:688)
	at org.grails.datastore.mapping.mongo.query.MongoQuery$27.doInDB(MongoQuery.java:402)
	at org.grails.datastore.mapping.mongo.query.MongoQuery$27.doInDB(MongoQuery.java:374)
	at org.grails.datastore.mapping.mongo.query.MongoQuery.executeQuery(MongoQuery.java:374)
	at org.grails.datastore.mapping.query.Query.list(Query.java:517)
	at org.grails.datastore.gorm.GormStaticApi$_list_closure12.doCall(GormStaticApi.groovy:280)
	at org.grails.datastore.mapping.core.DatastoreUtils.execute(DatastoreUtils.java:301)
	at org.grails.datastore.gorm.AbstractDatastoreApi.execute(AbstractDatastoreApi.groovy:34)
	at org.grails.datastore.gorm.GormStaticApi.list(GormStaticApi.groovy:277)
	at org.grails.datastore.gorm.StaticMethodInvokingClosure.call(GormEnhancer.groovy:268)
	at br.com.gfuture.grails.full.example.UserController.list(UserController.groovy:15)
	at java.util.concurrent.ThreadPoolExecutor$Worker.runTask(ThreadPoolExecutor.java:886)
	at java.util.concurrent.ThreadPoolExecutor$Worker.run(ThreadPoolExecutor.java:908)
	at java.lang.Thread.run(Thread.java:619)
2011-10-13 19:41:48,478 ["http-bio-8080"-exec-5] ERROR StackTrace  - Full Stack Trace:
java.io.IOException: couldn't connect to [/127.0.0.1:27017] bc:java.net.ConnectException: Connection refused
	at com.mongodb.DBPort._open(DBPort.java:206)
	at com.mongodb.DBPort.go(DBPort.java:94)
	at com.mongodb.DBPort.go(DBPort.java:75)
	at com.mongodb.DBPort.call(DBPort.java:65)
	at com.mongodb.DBTCPConnector.call(DBTCPConnector.java:201)
	at com.mongodb.DBTCPConnector.call(DBTCPConnector.java:220)
	at com.mongodb.DBTCPConnector.call(DBTCPConnector.java:220)
	at com.mongodb.DBApiLayer$MyCollection.__find(DBApiLayer.java:295)
	at com.mongodb.DBCursor._check(DBCursor.java:354)
	at com.mongodb.DBCursor._hasNext(DBCursor.java:484)
	at com.mongodb.DBCursor._fill(DBCursor.java:544)
	at com.mongodb.DBCursor.toArray(DBCursor.java:582)
	at com.mongodb.DBCursor.toArray(DBCursor.java:570)
	at org.grails.datastore.mapping.mongo.query.MongoQuery$MongoResultList.<init>(MongoQuery.java:688)
	at org.grails.datastore.mapping.mongo.query.MongoQuery$27.doInDB(MongoQuery.java:402)
	at org.grails.datastore.mapping.mongo.query.MongoQuery$27.doInDB(MongoQuery.java:374)
	at org.springframework.data.document.mongodb.MongoTemplate.execute(MongoTemplate.java:331)
	at org.grails.datastore.mapping.mongo.query.MongoQuery.executeQuery(MongoQuery.java:374)
	at org.grails.datastore.mapping.query.Query.list(Query.java:517)
	at org.grails.datastore.mapping.query.Query$list.call(Unknown Source)
	at org.grails.datastore.gorm.GormStaticApi$_list_closure12.doCall(GormStaticApi.groovy:280)
	at sun.reflect.NativeMethodAccessorImpl.invoke0(Native Method)
	at sun.reflect.NativeMethodAccessorImpl.invoke(NativeMethodAccessorImpl.java:39)
	at sun.reflect.DelegatingMethodAccessorImpl.invoke(DelegatingMethodAccessorImpl.java:25)
	at java.lang.reflect.Method.invoke(Method.java:597)
	at org.codehaus.groovy.reflection.CachedMethod.invoke(CachedMethod.java:90)
	at groovy.lang.MetaMethod.doMethodInvoke(MetaMethod.java:233)
	at groovy.lang.MetaClassImpl.invokeMethod(MetaClassImpl.java:1053)
	at groovy.lang.ExpandoMetaClass.invokeMethod(ExpandoMetaClass.java:1071)
	at groovy.lang.MetaClassImpl.invokeMethod(MetaClassImpl.java:883)
	at groovy.lang.Closure.call(Closure.java:410)
	at org.codehaus.groovy.runtime.ConvertedClosure.invokeCustom(ConvertedClosure.java:51)
	at org.codehaus.groovy.runtime.ConversionHandler.invoke(ConversionHandler.java:82)
	at $Proxy14.doInSession(Unknown Source)
	at org.grails.datastore.mapping.core.DatastoreUtils.execute(DatastoreUtils.java:301)
	at org.grails.datastore.mapping.core.DatastoreUtils$execute.call(Unknown Source)
	at org.grails.datastore.gorm.AbstractDatastoreApi.execute(AbstractDatastoreApi.groovy:34)
	at sun.reflect.NativeMethodAccessorImpl.invoke0(Native Method)
	at sun.reflect.NativeMethodAccessorImpl.invoke(NativeMethodAccessorImpl.java:39)
	at sun.reflect.DelegatingMethodAccessorImpl.invoke(DelegatingMethodAccessorImpl.java:25)
	at java.lang.reflect.Method.invoke(Method.java:597)
	at org.codehaus.groovy.runtime.callsite.PogoMetaMethodSite$PogoCachedMethodSite.invoke(PogoMetaMethodSite.java:226)
	at org.codehaus.groovy.runtime.callsite.PogoMetaMethodSite.callCurrent(PogoMetaMethodSite.java:52)
	at org.codehaus.groovy.runtime.callsite.AbstractCallSite.callCurrent(AbstractCallSite.java:141)
	at org.grails.datastore.gorm.GormStaticApi.list(GormStaticApi.groovy:277)
	at sun.reflect.NativeMethodAccessorImpl.invoke0(Native Method)
	at sun.reflect.NativeMethodAccessorImpl.invoke(NativeMethodAccessorImpl.java:39)
	at sun.reflect.DelegatingMethodAccessorImpl.invoke(DelegatingMethodAccessorImpl.java:25)
	at java.lang.reflect.Method.invoke(Method.java:597)
	at org.codehaus.groovy.reflection.CachedMethod.invoke(CachedMethod.java:90)
	at groovy.lang.MetaMethod.doMethodInvoke(MetaMethod.java:233)
	at groovy.lang.MetaClassImpl.invokeMethod(MetaClassImpl.java:1053)
	at groovy.lang.ExpandoMetaClass.invokeMethod(ExpandoMetaClass.java:1071)
	at groovy.lang.MetaClassImpl.invokeMethod(MetaClassImpl.java:883)
	at org.codehaus.groovy.runtime.InvokerHelper.invokePogoMethod(InvokerHelper.java:793)
	at org.codehaus.groovy.runtime.InvokerHelper.invokeMethod(InvokerHelper.java:776)
	at org.codehaus.groovy.runtime.ScriptBytecodeAdapter.invokeMethodN(ScriptBytecodeAdapter.java:164)
	at org.grails.datastore.gorm.StaticMethodInvokingClosure.call(GormEnhancer.groovy:268)
	at org.codehaus.groovy.runtime.metaclass.ClosureStaticMetaMethod.invoke(ClosureStaticMetaMethod.java:59)
	at org.codehaus.groovy.runtime.callsite.StaticMetaMethodSite$StaticMetaMethodSiteNoUnwrapNoCoerce.invoke(StaticMetaMethodSite.java:148)
	at org.codehaus.groovy.runtime.callsite.StaticMetaMethodSite.call(StaticMetaMethodSite.java:88)
	at org.codehaus.groovy.runtime.callsite.AbstractCallSite.call(AbstractCallSite.java:116)
	at br.com.gfuture.grails.full.example.UserController.list(UserController.groovy:15)
	at sun.reflect.NativeMethodAccessorImpl.invoke0(Native Method)
	at sun.reflect.NativeMethodAccessorImpl.invoke(NativeMethodAccessorImpl.java:39)
	at sun.reflect.DelegatingMethodAccessorImpl.invoke(DelegatingMethodAccessorImpl.java:25)
	at java.lang.reflect.Method.invoke(Method.java:597)
	at org.codehaus.groovy.grails.web.servlet.mvc.MixedGrailsControllerHelper.invoke(MixedGrailsControllerHelper.java:67)
	at org.codehaus.groovy.grails.web.servlet.mvc.AbstractGrailsControllerHelper.handleAction(AbstractGrailsControllerHelper.java:330)
	at org.codehaus.groovy.grails.web.servlet.mvc.AbstractGrailsControllerHelper.executeAction(AbstractGrailsControllerHelper.java:211)
	at org.codehaus.groovy.grails.web.servlet.mvc.AbstractGrailsControllerHelper.handleURI(AbstractGrailsControllerHelper.java:177)
	at org.codehaus.groovy.grails.web.servlet.mvc.AbstractGrailsControllerHelper.handleURI(AbstractGrailsControllerHelper.java:116)
	at org.codehaus.groovy.grails.web.servlet.mvc.SimpleGrailsController.handleRequest(SimpleGrailsController.java:72)
	at org.springframework.web.servlet.mvc.SimpleControllerHandlerAdapter.handle(SimpleControllerHandlerAdapter.java:48)
	at org.codehaus.groovy.grails.web.servlet.GrailsDispatcherServlet.doDispatch(GrailsDispatcherServlet.java:317)
	at org.springframework.web.servlet.DispatcherServlet.doService(DispatcherServlet.java:792)
	at org.springframework.web.servlet.FrameworkServlet.processRequest(FrameworkServlet.java:851)
	at org.springframework.web.servlet.FrameworkServlet.doGet(FrameworkServlet.java:756)
	at javax.servlet.http.HttpServlet.service(HttpServlet.java:621)
	at javax.servlet.http.HttpServlet.service(HttpServlet.java:722)
	at org.apache.catalina.core.ApplicationFilterChain.internalDoFilter(ApplicationFilterChain.java:304)
	at org.apache.catalina.core.ApplicationFilterChain.doFilter(ApplicationFilterChain.java:210)
	at org.springframework.web.filter.OncePerRequestFilter.doFilter(OncePerRequestFilter.java:70)
	at org.apache.catalina.core.ApplicationFilterChain.internalDoFilter(ApplicationFilterChain.java:243)
	at org.apache.catalina.core.ApplicationFilterChain.doFilter(ApplicationFilterChain.java:210)
	at org.springframework.web.filter.OncePerRequestFilter.doFilter(OncePerRequestFilter.java:70)
	at org.apache.catalina.core.ApplicationFilterChain.internalDoFilter(ApplicationFilterChain.java:243)
	at org.apache.catalina.core.ApplicationFilterChain.doFilter(ApplicationFilterChain.java:210)
	at org.springframework.web.filter.OncePerRequestFilter.doFilter(OncePerRequestFilter.java:70)
	at org.apache.catalina.core.ApplicationFilterChain.internalDoFilter(ApplicationFilterChain.java:243)
	at org.apache.catalina.core.ApplicationFilterChain.doFilter(ApplicationFilterChain.java:210)
	at org.apache.catalina.core.ApplicationDispatcher.invoke(ApplicationDispatcher.java:684)
	at org.apache.catalina.core.ApplicationDispatcher.processRequest(ApplicationDispatcher.java:471)
	at org.apache.catalina.core.ApplicationDispatcher.doForward(ApplicationDispatcher.java:402)
	at org.apache.catalina.core.ApplicationDispatcher.forward(ApplicationDispatcher.java:329)
	at org.codehaus.groovy.grails.web.util.WebUtils.forwardRequestForUrlMappingInfo(WebUtils.java:300)
	at org.codehaus.groovy.grails.web.util.WebUtils.forwardRequestForUrlMappingInfo(WebUtils.java:265)
	at org.codehaus.groovy.grails.web.util.WebUtils.forwardRequestForUrlMappingInfo(WebUtils.java:256)
	at org.codehaus.groovy.grails.web.mapping.filter.UrlMappingsFilter.doFilterInternal(UrlMappingsFilter.java:201)
	at org.springframework.web.filter.OncePerRequestFilter.doFilter(OncePerRequestFilter.java:76)
	at org.apache.catalina.core.ApplicationFilterChain.internalDoFilter(ApplicationFilterChain.java:243)
	at org.apache.catalina.core.ApplicationFilterChain.doFilter(ApplicationFilterChain.java:210)
	at org.codehaus.groovy.grails.web.sitemesh.GrailsPageFilter.obtainContent(GrailsPageFilter.java:240)
	at org.codehaus.groovy.grails.web.sitemesh.GrailsPageFilter.doFilter(GrailsPageFilter.java:150)
	at org.apache.catalina.core.ApplicationFilterChain.internalDoFilter(ApplicationFilterChain.java:243)
	at org.apache.catalina.core.ApplicationFilterChain.doFilter(ApplicationFilterChain.java:210)
	at org.codehaus.groovy.grails.web.servlet.mvc.GrailsWebRequestFilter.doFilterInternal(GrailsWebRequestFilter.java:69)
	at org.springframework.web.filter.OncePerRequestFilter.doFilter(OncePerRequestFilter.java:76)
	at org.apache.catalina.core.ApplicationFilterChain.internalDoFilter(ApplicationFilterChain.java:243)
	at org.apache.catalina.core.ApplicationFilterChain.doFilter(ApplicationFilterChain.java:210)
	at org.codehaus.groovy.grails.web.filters.HiddenHttpMethodFilter.doFilterInternal(HiddenHttpMethodFilter.java:69)
	at org.springframework.web.filter.OncePerRequestFilter.doFilter(OncePerRequestFilter.java:76)
	at org.apache.catalina.core.ApplicationFilterChain.internalDoFilter(ApplicationFilterChain.java:243)
	at org.apache.catalina.core.ApplicationFilterChain.doFilter(ApplicationFilterChain.java:210)
	at org.springframework.web.filter.CharacterEncodingFilter.doFilterInternal(CharacterEncodingFilter.java:88)
	at org.springframework.web.filter.OncePerRequestFilter.doFilter(OncePerRequestFilter.java:76)
	at org.springframework.web.filter.DelegatingFilterProxy.invokeDelegate(DelegatingFilterProxy.java:346)
	at org.springframework.web.filter.DelegatingFilterProxy.doFilter(DelegatingFilterProxy.java:259)
	at org.apache.catalina.core.ApplicationFilterChain.internalDoFilter(ApplicationFilterChain.java:243)
	at org.apache.catalina.core.ApplicationFilterChain.doFilter(ApplicationFilterChain.java:210)
	at org.apache.catalina.core.StandardWrapperValve.invoke(StandardWrapperValve.java:240)
	at org.apache.catalina.core.StandardContextValve.invoke(StandardContextValve.java:164)
	at org.apache.catalina.authenticator.AuthenticatorBase.invoke(AuthenticatorBase.java:462)
	at org.apache.catalina.core.StandardHostValve.invoke(StandardHostValve.java:164)
	at org.apache.catalina.valves.ErrorReportValve.invoke(ErrorReportValve.java:100)
	at org.apache.catalina.core.StandardEngineValve.invoke(StandardEngineValve.java:118)
	at org.apache.catalina.connector.CoyoteAdapter.service(CoyoteAdapter.java:403)
	at org.apache.coyote.http11.Http11Processor.process(Http11Processor.java:301)
	at org.apache.coyote.http11.Http11Protocol$Http11ConnectionHandler.process(Http11Protocol.java:162)
	at org.apache.tomcat.util.net.JIoEndpoint$SocketProcessor.run(JIoEndpoint.java:309)
	at java.util.concurrent.ThreadPoolExecutor$Worker.runTask(ThreadPoolExecutor.java:886)
	at java.util.concurrent.ThreadPoolExecutor$Worker.run(ThreadPoolExecutor.java:908)
	at java.lang.Thread.run(Thread.java:619)
2011-10-13 19:41:48,479 ["http-bio-8080"-exec-5] ERROR StackTrace  - Full Stack Trace:
java.io.IOException: couldn't connect to [/127.0.0.1:27017] bc:java.net.ConnectException: Connection refused
	at com.mongodb.DBPort._open(DBPort.java:206)
	at com.mongodb.DBPort.go(DBPort.java:94)
	at com.mongodb.DBPort.go(DBPort.java:75)
	at com.mongodb.DBPort.call(DBPort.java:65)
	at com.mongodb.DBTCPConnector.call(DBTCPConnector.java:201)
	at com.mongodb.DBTCPConnector.call(DBTCPConnector.java:220)
	at com.mongodb.DBTCPConnector.call(DBTCPConnector.java:220)
	at com.mongodb.DBApiLayer$MyCollection.__find(DBApiLayer.java:295)
	at com.mongodb.DBCursor._check(DBCursor.java:354)
	at com.mongodb.DBCursor._hasNext(DBCursor.java:484)
	at com.mongodb.DBCursor._fill(DBCursor.java:544)
	at com.mongodb.DBCursor.toArray(DBCursor.java:582)
	at com.mongodb.DBCursor.toArray(DBCursor.java:570)
	at org.grails.datastore.mapping.mongo.query.MongoQuery$MongoResultList.<init>(MongoQuery.java:688)
	at org.grails.datastore.mapping.mongo.query.MongoQuery$27.doInDB(MongoQuery.java:402)
	at org.grails.datastore.mapping.mongo.query.MongoQuery$27.doInDB(MongoQuery.java:374)
	at org.grails.datastore.mapping.mongo.query.MongoQuery.executeQuery(MongoQuery.java:374)
	at org.grails.datastore.mapping.query.Query.list(Query.java:517)
	at org.grails.datastore.gorm.GormStaticApi$_list_closure12.doCall(GormStaticApi.groovy:280)
	at org.grails.datastore.mapping.core.DatastoreUtils.execute(DatastoreUtils.java:301)
	at org.grails.datastore.gorm.AbstractDatastoreApi.execute(AbstractDatastoreApi.groovy:34)
	at org.grails.datastore.gorm.GormStaticApi.list(GormStaticApi.groovy:277)
	at org.grails.datastore.gorm.StaticMethodInvokingClosure.call(GormEnhancer.groovy:268)
	at br.com.gfuture.grails.full.example.UserController.list(UserController.groovy:15)
	at java.util.concurrent.ThreadPoolExecutor$Worker.runTask(ThreadPoolExecutor.java:886)
	at java.util.concurrent.ThreadPoolExecutor$Worker.run(ThreadPoolExecutor.java:908)
	at java.lang.Thread.run(Thread.java:619)
2011-10-13 19:41:48,482 ["http-bio-8080"-exec-5] ERROR StackTrace  - Full Stack Trace:
java.io.IOException: couldn't connect to [/127.0.0.1:27017] bc:java.net.ConnectException: Connection refused
	at com.mongodb.DBPort._open(DBPort.java:206)
	at com.mongodb.DBPort.go(DBPort.java:94)
	at com.mongodb.DBPort.go(DBPort.java:75)
	at com.mongodb.DBPort.call(DBPort.java:65)
	at com.mongodb.DBTCPConnector.call(DBTCPConnector.java:201)
	at com.mongodb.DBTCPConnector.call(DBTCPConnector.java:220)
	at com.mongodb.DBTCPConnector.call(DBTCPConnector.java:220)
	at com.mongodb.DBApiLayer$MyCollection.__find(DBApiLayer.java:295)
	at com.mongodb.DBCursor._check(DBCursor.java:354)
	at com.mongodb.DBCursor._hasNext(DBCursor.java:484)
	at com.mongodb.DBCursor._fill(DBCursor.java:544)
	at com.mongodb.DBCursor.toArray(DBCursor.java:582)
	at com.mongodb.DBCursor.toArray(DBCursor.java:570)
	at org.grails.datastore.mapping.mongo.query.MongoQuery$MongoResultList.<init>(MongoQuery.java:688)
	at org.grails.datastore.mapping.mongo.query.MongoQuery$27.doInDB(MongoQuery.java:402)
	at org.grails.datastore.mapping.mongo.query.MongoQuery$27.doInDB(MongoQuery.java:374)
	at org.grails.datastore.mapping.mongo.query.MongoQuery.executeQuery(MongoQuery.java:374)
	at org.grails.datastore.mapping.query.Query.list(Query.java:517)
	at org.grails.datastore.gorm.GormStaticApi$_list_closure12.doCall(GormStaticApi.groovy:280)
	at org.grails.datastore.mapping.core.DatastoreUtils.execute(DatastoreUtils.java:301)
	at org.grails.datastore.gorm.AbstractDatastoreApi.execute(AbstractDatastoreApi.groovy:34)
	at org.grails.datastore.gorm.GormStaticApi.list(GormStaticApi.groovy:277)
	at org.grails.datastore.gorm.StaticMethodInvokingClosure.call(GormEnhancer.groovy:268)
	at br.com.gfuture.grails.full.example.UserController.list(UserController.groovy:15)
	at java.util.concurrent.ThreadPoolExecutor$Worker.runTask(ThreadPoolExecutor.java:886)
	at java.util.concurrent.ThreadPoolExecutor$Worker.run(ThreadPoolExecutor.java:908)
	at java.lang.Thread.run(Thread.java:619)
2011-10-13 19:41:48,483 ["http-bio-8080"-exec-5] ERROR StackTrace  - Full Stack Trace:
java.io.IOException: couldn't connect to [/127.0.0.1:27017] bc:java.net.ConnectException: Connection refused
	at com.mongodb.DBPort._open(DBPort.java:206)
	at com.mongodb.DBPort.go(DBPort.java:94)
	at com.mongodb.DBPort.go(DBPort.java:75)
	at com.mongodb.DBPort.call(DBPort.java:65)
	at com.mongodb.DBTCPConnector.call(DBTCPConnector.java:201)
	at com.mongodb.DBTCPConnector.call(DBTCPConnector.java:220)
	at com.mongodb.DBTCPConnector.call(DBTCPConnector.java:220)
	at com.mongodb.DBApiLayer$MyCollection.__find(DBApiLayer.java:295)
	at com.mongodb.DBCursor._check(DBCursor.java:354)
	at com.mongodb.DBCursor._hasNext(DBCursor.java:484)
	at com.mongodb.DBCursor._fill(DBCursor.java:544)
	at com.mongodb.DBCursor.toArray(DBCursor.java:582)
	at com.mongodb.DBCursor.toArray(DBCursor.java:570)
	at org.grails.datastore.mapping.mongo.query.MongoQuery$MongoResultList.<init>(MongoQuery.java:688)
	at org.grails.datastore.mapping.mongo.query.MongoQuery$27.doInDB(MongoQuery.java:402)
	at org.grails.datastore.mapping.mongo.query.MongoQuery$27.doInDB(MongoQuery.java:374)
	at org.grails.datastore.mapping.mongo.query.MongoQuery.executeQuery(MongoQuery.java:374)
	at org.grails.datastore.mapping.query.Query.list(Query.java:517)
	at org.grails.datastore.gorm.GormStaticApi$_list_closure12.doCall(GormStaticApi.groovy:280)
	at org.grails.datastore.mapping.core.DatastoreUtils.execute(DatastoreUtils.java:301)
	at org.grails.datastore.gorm.AbstractDatastoreApi.execute(AbstractDatastoreApi.groovy:34)
	at org.grails.datastore.gorm.GormStaticApi.list(GormStaticApi.groovy:277)
	at org.grails.datastore.gorm.StaticMethodInvokingClosure.call(GormEnhancer.groovy:268)
	at br.com.gfuture.grails.full.example.UserController.list(UserController.groovy:15)
	at java.util.concurrent.ThreadPoolExecutor$Worker.runTask(ThreadPoolExecutor.java:886)
	at java.util.concurrent.ThreadPoolExecutor$Worker.run(ThreadPoolExecutor.java:908)
	at java.lang.Thread.run(Thread.java:619)
2011-10-13 19:41:48,527 ["http-bio-8080"-exec-5] ERROR StackTrace  - Full Stack Trace:
java.io.IOException: couldn't connect to [/127.0.0.1:27017] bc:java.net.ConnectException: Connection refused
	at com.mongodb.DBPort._open(DBPort.java:206)
	at com.mongodb.DBPort.go(DBPort.java:94)
	at com.mongodb.DBPort.go(DBPort.java:75)
	at com.mongodb.DBPort.call(DBPort.java:65)
	at com.mongodb.DBTCPConnector.call(DBTCPConnector.java:201)
	at com.mongodb.DBTCPConnector.call(DBTCPConnector.java:220)
	at com.mongodb.DBTCPConnector.call(DBTCPConnector.java:220)
	at com.mongodb.DBApiLayer$MyCollection.__find(DBApiLayer.java:295)
	at com.mongodb.DBCursor._check(DBCursor.java:354)
	at com.mongodb.DBCursor._hasNext(DBCursor.java:484)
	at com.mongodb.DBCursor._fill(DBCursor.java:544)
	at com.mongodb.DBCursor.toArray(DBCursor.java:582)
	at com.mongodb.DBCursor.toArray(DBCursor.java:570)
	at org.grails.datastore.mapping.mongo.query.MongoQuery$MongoResultList.<init>(MongoQuery.java:688)
	at org.grails.datastore.mapping.mongo.query.MongoQuery$27.doInDB(MongoQuery.java:402)
	at org.grails.datastore.mapping.mongo.query.MongoQuery$27.doInDB(MongoQuery.java:374)
	at org.grails.datastore.mapping.mongo.query.MongoQuery.executeQuery(MongoQuery.java:374)
	at org.grails.datastore.mapping.query.Query.list(Query.java:517)
	at org.grails.datastore.gorm.GormStaticApi$_list_closure12.doCall(GormStaticApi.groovy:280)
	at org.grails.datastore.mapping.core.DatastoreUtils.execute(DatastoreUtils.java:301)
	at org.grails.datastore.gorm.AbstractDatastoreApi.execute(AbstractDatastoreApi.groovy:34)
	at org.grails.datastore.gorm.GormStaticApi.list(GormStaticApi.groovy:277)
	at org.grails.datastore.gorm.StaticMethodInvokingClosure.call(GormEnhancer.groovy:268)
	at br.com.gfuture.grails.full.example.UserController.list(UserController.groovy:15)
	at java.util.concurrent.ThreadPoolExecutor$Worker.runTask(ThreadPoolExecutor.java:886)
	at java.util.concurrent.ThreadPoolExecutor$Worker.run(ThreadPoolExecutor.java:908)
	at java.lang.Thread.run(Thread.java:619)
2011-10-13 19:41:48,528 ["http-bio-8080"-exec-5] ERROR StackTrace  - Full Stack Trace:
java.io.IOException: couldn't connect to [/127.0.0.1:27017] bc:java.net.ConnectException: Connection refused
	at com.mongodb.DBPort._open(DBPort.java:206)
	at com.mongodb.DBPort.go(DBPort.java:94)
	at com.mongodb.DBPort.go(DBPort.java:75)
	at com.mongodb.DBPort.call(DBPort.java:65)
	at com.mongodb.DBTCPConnector.call(DBTCPConnector.java:201)
	at com.mongodb.DBTCPConnector.call(DBTCPConnector.java:220)
	at com.mongodb.DBTCPConnector.call(DBTCPConnector.java:220)
	at com.mongodb.DBApiLayer$MyCollection.__find(DBApiLayer.java:295)
	at com.mongodb.DBCursor._check(DBCursor.java:354)
	at com.mongodb.DBCursor._hasNext(DBCursor.java:484)
	at com.mongodb.DBCursor._fill(DBCursor.java:544)
	at com.mongodb.DBCursor.toArray(DBCursor.java:582)
	at com.mongodb.DBCursor.toArray(DBCursor.java:570)
	at org.grails.datastore.mapping.mongo.query.MongoQuery$MongoResultList.<init>(MongoQuery.java:688)
	at org.grails.datastore.mapping.mongo.query.MongoQuery$27.doInDB(MongoQuery.java:402)
	at org.grails.datastore.mapping.mongo.query.MongoQuery$27.doInDB(MongoQuery.java:374)
	at org.grails.datastore.mapping.mongo.query.MongoQuery.executeQuery(MongoQuery.java:374)
	at org.grails.datastore.mapping.query.Query.list(Query.java:517)
	at org.grails.datastore.gorm.GormStaticApi$_list_closure12.doCall(GormStaticApi.groovy:280)
	at org.grails.datastore.mapping.core.DatastoreUtils.execute(DatastoreUtils.java:301)
	at org.grails.datastore.gorm.AbstractDatastoreApi.execute(AbstractDatastoreApi.groovy:34)
	at org.grails.datastore.gorm.GormStaticApi.list(GormStaticApi.groovy:277)
	at org.grails.datastore.gorm.StaticMethodInvokingClosure.call(GormEnhancer.groovy:268)
	at br.com.gfuture.grails.full.example.UserController.list(UserController.groovy:15)
	at java.util.concurrent.ThreadPoolExecutor$Worker.runTask(ThreadPoolExecutor.java:886)
	at java.util.concurrent.ThreadPoolExecutor$Worker.run(ThreadPoolExecutor.java:908)
	at java.lang.Thread.run(Thread.java:619)
2011-10-13 19:42:06,891 ["http-bio-8080"-exec-7] ERROR StackTrace  - Full Stack Trace:
java.io.IOException: couldn't connect to [/127.0.0.1:27017] bc:java.net.ConnectException: Connection refused
	at com.mongodb.DBPort._open(DBPort.java:206)
	at com.mongodb.DBPort.go(DBPort.java:94)
	at com.mongodb.DBPort.go(DBPort.java:75)
	at com.mongodb.DBPort.call(DBPort.java:65)
	at com.mongodb.DBTCPConnector.call(DBTCPConnector.java:201)
	at com.mongodb.DBApiLayer$MyCollection.__find(DBApiLayer.java:295)
	at com.mongodb.DBCursor._check(DBCursor.java:354)
	at com.mongodb.DBCursor._hasNext(DBCursor.java:484)
	at com.mongodb.DBCursor._fill(DBCursor.java:544)
	at com.mongodb.DBCursor.toArray(DBCursor.java:582)
	at com.mongodb.DBCursor.toArray(DBCursor.java:570)
	at org.grails.datastore.mapping.mongo.query.MongoQuery$MongoResultList.<init>(MongoQuery.java:688)
	at org.grails.datastore.mapping.mongo.query.MongoQuery$27.doInDB(MongoQuery.java:402)
	at org.grails.datastore.mapping.mongo.query.MongoQuery$27.doInDB(MongoQuery.java:374)
	at org.springframework.data.document.mongodb.MongoTemplate.execute(MongoTemplate.java:331)
	at org.grails.datastore.mapping.mongo.query.MongoQuery.executeQuery(MongoQuery.java:374)
	at org.grails.datastore.mapping.query.Query.list(Query.java:517)
	at org.grails.datastore.mapping.query.Query$list.call(Unknown Source)
	at org.grails.datastore.gorm.GormStaticApi$_list_closure12.doCall(GormStaticApi.groovy:280)
	at sun.reflect.NativeMethodAccessorImpl.invoke0(Native Method)
	at sun.reflect.NativeMethodAccessorImpl.invoke(NativeMethodAccessorImpl.java:39)
	at sun.reflect.DelegatingMethodAccessorImpl.invoke(DelegatingMethodAccessorImpl.java:25)
	at java.lang.reflect.Method.invoke(Method.java:597)
	at org.codehaus.groovy.reflection.CachedMethod.invoke(CachedMethod.java:90)
	at groovy.lang.MetaMethod.doMethodInvoke(MetaMethod.java:233)
	at groovy.lang.MetaClassImpl.invokeMethod(MetaClassImpl.java:1053)
	at groovy.lang.ExpandoMetaClass.invokeMethod(ExpandoMetaClass.java:1071)
	at groovy.lang.MetaClassImpl.invokeMethod(MetaClassImpl.java:883)
	at groovy.lang.Closure.call(Closure.java:410)
	at org.codehaus.groovy.runtime.ConvertedClosure.invokeCustom(ConvertedClosure.java:51)
	at org.codehaus.groovy.runtime.ConversionHandler.invoke(ConversionHandler.java:82)
	at $Proxy14.doInSession(Unknown Source)
	at org.grails.datastore.mapping.core.DatastoreUtils.execute(DatastoreUtils.java:301)
	at org.grails.datastore.mapping.core.DatastoreUtils$execute.call(Unknown Source)
	at org.grails.datastore.gorm.AbstractDatastoreApi.execute(AbstractDatastoreApi.groovy:34)
	at sun.reflect.NativeMethodAccessorImpl.invoke0(Native Method)
	at sun.reflect.NativeMethodAccessorImpl.invoke(NativeMethodAccessorImpl.java:39)
	at sun.reflect.DelegatingMethodAccessorImpl.invoke(DelegatingMethodAccessorImpl.java:25)
	at java.lang.reflect.Method.invoke(Method.java:597)
	at org.codehaus.groovy.runtime.callsite.PogoMetaMethodSite$PogoCachedMethodSite.invoke(PogoMetaMethodSite.java:226)
	at org.codehaus.groovy.runtime.callsite.PogoMetaMethodSite.callCurrent(PogoMetaMethodSite.java:52)
	at org.codehaus.groovy.runtime.callsite.AbstractCallSite.callCurrent(AbstractCallSite.java:141)
	at org.grails.datastore.gorm.GormStaticApi.list(GormStaticApi.groovy:277)
	at sun.reflect.NativeMethodAccessorImpl.invoke0(Native Method)
	at sun.reflect.NativeMethodAccessorImpl.invoke(NativeMethodAccessorImpl.java:39)
	at sun.reflect.DelegatingMethodAccessorImpl.invoke(DelegatingMethodAccessorImpl.java:25)
	at java.lang.reflect.Method.invoke(Method.java:597)
	at org.codehaus.groovy.reflection.CachedMethod.invoke(CachedMethod.java:90)
	at groovy.lang.MetaMethod.doMethodInvoke(MetaMethod.java:233)
	at groovy.lang.MetaClassImpl.invokeMethod(MetaClassImpl.java:1053)
	at groovy.lang.ExpandoMetaClass.invokeMethod(ExpandoMetaClass.java:1071)
	at groovy.lang.MetaClassImpl.invokeMethod(MetaClassImpl.java:883)
	at org.codehaus.groovy.runtime.InvokerHelper.invokePogoMethod(InvokerHelper.java:793)
	at org.codehaus.groovy.runtime.InvokerHelper.invokeMethod(InvokerHelper.java:776)
	at org.codehaus.groovy.runtime.ScriptBytecodeAdapter.invokeMethodN(ScriptBytecodeAdapter.java:164)
	at org.grails.datastore.gorm.StaticMethodInvokingClosure.call(GormEnhancer.groovy:268)
	at org.codehaus.groovy.runtime.metaclass.ClosureStaticMetaMethod.invoke(ClosureStaticMetaMethod.java:59)
	at org.codehaus.groovy.runtime.callsite.StaticMetaMethodSite$StaticMetaMethodSiteNoUnwrapNoCoerce.invoke(StaticMetaMethodSite.java:148)
	at org.codehaus.groovy.runtime.callsite.StaticMetaMethodSite.call(StaticMetaMethodSite.java:88)
	at org.codehaus.groovy.runtime.callsite.AbstractCallSite.call(AbstractCallSite.java:116)
	at br.com.gfuture.grails.full.example.UserController.list(UserController.groovy:15)
	at sun.reflect.NativeMethodAccessorImpl.invoke0(Native Method)
	at sun.reflect.NativeMethodAccessorImpl.invoke(NativeMethodAccessorImpl.java:39)
	at sun.reflect.DelegatingMethodAccessorImpl.invoke(DelegatingMethodAccessorImpl.java:25)
	at java.lang.reflect.Method.invoke(Method.java:597)
	at org.codehaus.groovy.grails.web.servlet.mvc.MixedGrailsControllerHelper.invoke(MixedGrailsControllerHelper.java:67)
	at org.codehaus.groovy.grails.web.servlet.mvc.AbstractGrailsControllerHelper.handleAction(AbstractGrailsControllerHelper.java:330)
	at org.codehaus.groovy.grails.web.servlet.mvc.AbstractGrailsControllerHelper.executeAction(AbstractGrailsControllerHelper.java:211)
	at org.codehaus.groovy.grails.web.servlet.mvc.AbstractGrailsControllerHelper.handleURI(AbstractGrailsControllerHelper.java:177)
	at org.codehaus.groovy.grails.web.servlet.mvc.AbstractGrailsControllerHelper.handleURI(AbstractGrailsControllerHelper.java:116)
	at org.codehaus.groovy.grails.web.servlet.mvc.SimpleGrailsController.handleRequest(SimpleGrailsController.java:72)
	at org.springframework.web.servlet.mvc.SimpleControllerHandlerAdapter.handle(SimpleControllerHandlerAdapter.java:48)
	at org.codehaus.groovy.grails.web.servlet.GrailsDispatcherServlet.doDispatch(GrailsDispatcherServlet.java:317)
	at org.springframework.web.servlet.DispatcherServlet.doService(DispatcherServlet.java:792)
	at org.springframework.web.servlet.FrameworkServlet.processRequest(FrameworkServlet.java:851)
	at org.springframework.web.servlet.FrameworkServlet.doGet(FrameworkServlet.java:756)
	at javax.servlet.http.HttpServlet.service(HttpServlet.java:621)
	at javax.servlet.http.HttpServlet.service(HttpServlet.java:722)
	at org.apache.catalina.core.ApplicationFilterChain.internalDoFilter(ApplicationFilterChain.java:304)
	at org.apache.catalina.core.ApplicationFilterChain.doFilter(ApplicationFilterChain.java:210)
	at org.springframework.web.filter.OncePerRequestFilter.doFilter(OncePerRequestFilter.java:70)
	at org.apache.catalina.core.ApplicationFilterChain.internalDoFilter(ApplicationFilterChain.java:243)
	at org.apache.catalina.core.ApplicationFilterChain.doFilter(ApplicationFilterChain.java:210)
	at org.springframework.web.filter.OncePerRequestFilter.doFilter(OncePerRequestFilter.java:70)
	at org.apache.catalina.core.ApplicationFilterChain.internalDoFilter(ApplicationFilterChain.java:243)
	at org.apache.catalina.core.ApplicationFilterChain.doFilter(ApplicationFilterChain.java:210)
	at org.springframework.web.filter.OncePerRequestFilter.doFilter(OncePerRequestFilter.java:70)
	at org.apache.catalina.core.ApplicationFilterChain.internalDoFilter(ApplicationFilterChain.java:243)
	at org.apache.catalina.core.ApplicationFilterChain.doFilter(ApplicationFilterChain.java:210)
	at org.apache.catalina.core.ApplicationDispatcher.invoke(ApplicationDispatcher.java:684)
	at org.apache.catalina.core.ApplicationDispatcher.processRequest(ApplicationDispatcher.java:471)
	at org.apache.catalina.core.ApplicationDispatcher.doForward(ApplicationDispatcher.java:402)
	at org.apache.catalina.core.ApplicationDispatcher.forward(ApplicationDispatcher.java:329)
	at org.codehaus.groovy.grails.web.util.WebUtils.forwardRequestForUrlMappingInfo(WebUtils.java:300)
	at org.codehaus.groovy.grails.web.util.WebUtils.forwardRequestForUrlMappingInfo(WebUtils.java:265)
	at org.codehaus.groovy.grails.web.util.WebUtils.forwardRequestForUrlMappingInfo(WebUtils.java:256)
	at org.codehaus.groovy.grails.web.mapping.filter.UrlMappingsFilter.doFilterInternal(UrlMappingsFilter.java:201)
	at org.springframework.web.filter.OncePerRequestFilter.doFilter(OncePerRequestFilter.java:76)
	at org.apache.catalina.core.ApplicationFilterChain.internalDoFilter(ApplicationFilterChain.java:243)
	at org.apache.catalina.core.ApplicationFilterChain.doFilter(ApplicationFilterChain.java:210)
	at org.codehaus.groovy.grails.web.sitemesh.GrailsPageFilter.obtainContent(GrailsPageFilter.java:240)
	at org.codehaus.groovy.grails.web.sitemesh.GrailsPageFilter.doFilter(GrailsPageFilter.java:150)
	at org.apache.catalina.core.ApplicationFilterChain.internalDoFilter(ApplicationFilterChain.java:243)
	at org.apache.catalina.core.ApplicationFilterChain.doFilter(ApplicationFilterChain.java:210)
	at org.codehaus.groovy.grails.web.servlet.mvc.GrailsWebRequestFilter.doFilterInternal(GrailsWebRequestFilter.java:69)
	at org.springframework.web.filter.OncePerRequestFilter.doFilter(OncePerRequestFilter.java:76)
	at org.apache.catalina.core.ApplicationFilterChain.internalDoFilter(ApplicationFilterChain.java:243)
	at org.apache.catalina.core.ApplicationFilterChain.doFilter(ApplicationFilterChain.java:210)
	at org.codehaus.groovy.grails.web.filters.HiddenHttpMethodFilter.doFilterInternal(HiddenHttpMethodFilter.java:69)
	at org.springframework.web.filter.OncePerRequestFilter.doFilter(OncePerRequestFilter.java:76)
	at org.apache.catalina.core.ApplicationFilterChain.internalDoFilter(ApplicationFilterChain.java:243)
	at org.apache.catalina.core.ApplicationFilterChain.doFilter(ApplicationFilterChain.java:210)
	at org.springframework.web.filter.CharacterEncodingFilter.doFilterInternal(CharacterEncodingFilter.java:88)
	at org.springframework.web.filter.OncePerRequestFilter.doFilter(OncePerRequestFilter.java:76)
	at org.springframework.web.filter.DelegatingFilterProxy.invokeDelegate(DelegatingFilterProxy.java:346)
	at org.springframework.web.filter.DelegatingFilterProxy.doFilter(DelegatingFilterProxy.java:259)
	at org.apache.catalina.core.ApplicationFilterChain.internalDoFilter(ApplicationFilterChain.java:243)
	at org.apache.catalina.core.ApplicationFilterChain.doFilter(ApplicationFilterChain.java:210)
	at org.apache.catalina.core.StandardWrapperValve.invoke(StandardWrapperValve.java:240)
	at org.apache.catalina.core.StandardContextValve.invoke(StandardContextValve.java:164)
	at org.apache.catalina.authenticator.AuthenticatorBase.invoke(AuthenticatorBase.java:462)
	at org.apache.catalina.core.StandardHostValve.invoke(StandardHostValve.java:164)
	at org.apache.catalina.valves.ErrorReportValve.invoke(ErrorReportValve.java:100)
	at org.apache.catalina.core.StandardEngineValve.invoke(StandardEngineValve.java:118)
	at org.apache.catalina.connector.CoyoteAdapter.service(CoyoteAdapter.java:403)
	at org.apache.coyote.http11.Http11Processor.process(Http11Processor.java:301)
	at org.apache.coyote.http11.Http11Protocol$Http11ConnectionHandler.process(Http11Protocol.java:162)
	at org.apache.tomcat.util.net.JIoEndpoint$SocketProcessor.run(JIoEndpoint.java:309)
	at java.util.concurrent.ThreadPoolExecutor$Worker.runTask(ThreadPoolExecutor.java:886)
	at java.util.concurrent.ThreadPoolExecutor$Worker.run(ThreadPoolExecutor.java:908)
	at java.lang.Thread.run(Thread.java:619)
2011-10-13 19:42:06,898 ["http-bio-8080"-exec-7] ERROR StackTrace  - Full Stack Trace:
java.io.IOException: couldn't connect to [/127.0.0.1:27017] bc:java.net.ConnectException: Connection refused
	at com.mongodb.DBPort._open(DBPort.java:206)
	at com.mongodb.DBPort.go(DBPort.java:94)
	at com.mongodb.DBPort.go(DBPort.java:75)
	at com.mongodb.DBPort.call(DBPort.java:65)
	at com.mongodb.DBTCPConnector.call(DBTCPConnector.java:201)
	at com.mongodb.DBApiLayer$MyCollection.__find(DBApiLayer.java:295)
	at com.mongodb.DBCursor._check(DBCursor.java:354)
	at com.mongodb.DBCursor._hasNext(DBCursor.java:484)
	at com.mongodb.DBCursor._fill(DBCursor.java:544)
	at com.mongodb.DBCursor.toArray(DBCursor.java:582)
	at com.mongodb.DBCursor.toArray(DBCursor.java:570)
	at org.grails.datastore.mapping.mongo.query.MongoQuery$MongoResultList.<init>(MongoQuery.java:688)
	at org.grails.datastore.mapping.mongo.query.MongoQuery$27.doInDB(MongoQuery.java:402)
	at org.grails.datastore.mapping.mongo.query.MongoQuery$27.doInDB(MongoQuery.java:374)
	at org.grails.datastore.mapping.mongo.query.MongoQuery.executeQuery(MongoQuery.java:374)
	at org.grails.datastore.mapping.query.Query.list(Query.java:517)
	at org.grails.datastore.gorm.GormStaticApi$_list_closure12.doCall(GormStaticApi.groovy:280)
	at org.grails.datastore.mapping.core.DatastoreUtils.execute(DatastoreUtils.java:301)
	at org.grails.datastore.gorm.AbstractDatastoreApi.execute(AbstractDatastoreApi.groovy:34)
	at org.grails.datastore.gorm.GormStaticApi.list(GormStaticApi.groovy:277)
	at org.grails.datastore.gorm.StaticMethodInvokingClosure.call(GormEnhancer.groovy:268)
	at br.com.gfuture.grails.full.example.UserController.list(UserController.groovy:15)
	at java.util.concurrent.ThreadPoolExecutor$Worker.runTask(ThreadPoolExecutor.java:886)
	at java.util.concurrent.ThreadPoolExecutor$Worker.run(ThreadPoolExecutor.java:908)
	at java.lang.Thread.run(Thread.java:619)
2011-10-13 19:42:06,909 ["http-bio-8080"-exec-7] ERROR StackTrace  - Full Stack Trace:
java.io.IOException: couldn't connect to [/127.0.0.1:27017] bc:java.net.ConnectException: Connection refused
	at com.mongodb.DBPort._open(DBPort.java:206)
	at com.mongodb.DBPort.go(DBPort.java:94)
	at com.mongodb.DBPort.go(DBPort.java:75)
	at com.mongodb.DBPort.call(DBPort.java:65)
	at com.mongodb.DBTCPConnector.call(DBTCPConnector.java:201)
	at com.mongodb.DBTCPConnector.call(DBTCPConnector.java:220)
	at com.mongodb.DBApiLayer$MyCollection.__find(DBApiLayer.java:295)
	at com.mongodb.DBCursor._check(DBCursor.java:354)
	at com.mongodb.DBCursor._hasNext(DBCursor.java:484)
	at com.mongodb.DBCursor._fill(DBCursor.java:544)
	at com.mongodb.DBCursor.toArray(DBCursor.java:582)
	at com.mongodb.DBCursor.toArray(DBCursor.java:570)
	at org.grails.datastore.mapping.mongo.query.MongoQuery$MongoResultList.<init>(MongoQuery.java:688)
	at org.grails.datastore.mapping.mongo.query.MongoQuery$27.doInDB(MongoQuery.java:402)
	at org.grails.datastore.mapping.mongo.query.MongoQuery$27.doInDB(MongoQuery.java:374)
	at org.springframework.data.document.mongodb.MongoTemplate.execute(MongoTemplate.java:331)
	at org.grails.datastore.mapping.mongo.query.MongoQuery.executeQuery(MongoQuery.java:374)
	at org.grails.datastore.mapping.query.Query.list(Query.java:517)
	at org.grails.datastore.mapping.query.Query$list.call(Unknown Source)
	at org.grails.datastore.gorm.GormStaticApi$_list_closure12.doCall(GormStaticApi.groovy:280)
	at sun.reflect.NativeMethodAccessorImpl.invoke0(Native Method)
	at sun.reflect.NativeMethodAccessorImpl.invoke(NativeMethodAccessorImpl.java:39)
	at sun.reflect.DelegatingMethodAccessorImpl.invoke(DelegatingMethodAccessorImpl.java:25)
	at java.lang.reflect.Method.invoke(Method.java:597)
	at org.codehaus.groovy.reflection.CachedMethod.invoke(CachedMethod.java:90)
	at groovy.lang.MetaMethod.doMethodInvoke(MetaMethod.java:233)
	at groovy.lang.MetaClassImpl.invokeMethod(MetaClassImpl.java:1053)
	at groovy.lang.ExpandoMetaClass.invokeMethod(ExpandoMetaClass.java:1071)
	at groovy.lang.MetaClassImpl.invokeMethod(MetaClassImpl.java:883)
	at groovy.lang.Closure.call(Closure.java:410)
	at org.codehaus.groovy.runtime.ConvertedClosure.invokeCustom(ConvertedClosure.java:51)
	at org.codehaus.groovy.runtime.ConversionHandler.invoke(ConversionHandler.java:82)
	at $Proxy14.doInSession(Unknown Source)
	at org.grails.datastore.mapping.core.DatastoreUtils.execute(DatastoreUtils.java:301)
	at org.grails.datastore.mapping.core.DatastoreUtils$execute.call(Unknown Source)
	at org.grails.datastore.gorm.AbstractDatastoreApi.execute(AbstractDatastoreApi.groovy:34)
	at sun.reflect.NativeMethodAccessorImpl.invoke0(Native Method)
	at sun.reflect.NativeMethodAccessorImpl.invoke(NativeMethodAccessorImpl.java:39)
	at sun.reflect.DelegatingMethodAccessorImpl.invoke(DelegatingMethodAccessorImpl.java:25)
	at java.lang.reflect.Method.invoke(Method.java:597)
	at org.codehaus.groovy.runtime.callsite.PogoMetaMethodSite$PogoCachedMethodSite.invoke(PogoMetaMethodSite.java:226)
	at org.codehaus.groovy.runtime.callsite.PogoMetaMethodSite.callCurrent(PogoMetaMethodSite.java:52)
	at org.codehaus.groovy.runtime.callsite.AbstractCallSite.callCurrent(AbstractCallSite.java:141)
	at org.grails.datastore.gorm.GormStaticApi.list(GormStaticApi.groovy:277)
	at sun.reflect.NativeMethodAccessorImpl.invoke0(Native Method)
	at sun.reflect.NativeMethodAccessorImpl.invoke(NativeMethodAccessorImpl.java:39)
	at sun.reflect.DelegatingMethodAccessorImpl.invoke(DelegatingMethodAccessorImpl.java:25)
	at java.lang.reflect.Method.invoke(Method.java:597)
	at org.codehaus.groovy.reflection.CachedMethod.invoke(CachedMethod.java:90)
	at groovy.lang.MetaMethod.doMethodInvoke(MetaMethod.java:233)
	at groovy.lang.MetaClassImpl.invokeMethod(MetaClassImpl.java:1053)
	at groovy.lang.ExpandoMetaClass.invokeMethod(ExpandoMetaClass.java:1071)
	at groovy.lang.MetaClassImpl.invokeMethod(MetaClassImpl.java:883)
	at org.codehaus.groovy.runtime.InvokerHelper.invokePogoMethod(InvokerHelper.java:793)
	at org.codehaus.groovy.runtime.InvokerHelper.invokeMethod(InvokerHelper.java:776)
	at org.codehaus.groovy.runtime.ScriptBytecodeAdapter.invokeMethodN(ScriptBytecodeAdapter.java:164)
	at org.grails.datastore.gorm.StaticMethodInvokingClosure.call(GormEnhancer.groovy:268)
	at org.codehaus.groovy.runtime.metaclass.ClosureStaticMetaMethod.invoke(ClosureStaticMetaMethod.java:59)
	at org.codehaus.groovy.runtime.callsite.StaticMetaMethodSite$StaticMetaMethodSiteNoUnwrapNoCoerce.invoke(StaticMetaMethodSite.java:148)
	at org.codehaus.groovy.runtime.callsite.StaticMetaMethodSite.call(StaticMetaMethodSite.java:88)
	at org.codehaus.groovy.runtime.callsite.AbstractCallSite.call(AbstractCallSite.java:116)
	at br.com.gfuture.grails.full.example.UserController.list(UserController.groovy:15)
	at sun.reflect.NativeMethodAccessorImpl.invoke0(Native Method)
	at sun.reflect.NativeMethodAccessorImpl.invoke(NativeMethodAccessorImpl.java:39)
	at sun.reflect.DelegatingMethodAccessorImpl.invoke(DelegatingMethodAccessorImpl.java:25)
	at java.lang.reflect.Method.invoke(Method.java:597)
	at org.codehaus.groovy.grails.web.servlet.mvc.MixedGrailsControllerHelper.invoke(MixedGrailsControllerHelper.java:67)
	at org.codehaus.groovy.grails.web.servlet.mvc.AbstractGrailsControllerHelper.handleAction(AbstractGrailsControllerHelper.java:330)
	at org.codehaus.groovy.grails.web.servlet.mvc.AbstractGrailsControllerHelper.executeAction(AbstractGrailsControllerHelper.java:211)
	at org.codehaus.groovy.grails.web.servlet.mvc.AbstractGrailsControllerHelper.handleURI(AbstractGrailsControllerHelper.java:177)
	at org.codehaus.groovy.grails.web.servlet.mvc.AbstractGrailsControllerHelper.handleURI(AbstractGrailsControllerHelper.java:116)
	at org.codehaus.groovy.grails.web.servlet.mvc.SimpleGrailsController.handleRequest(SimpleGrailsController.java:72)
	at org.springframework.web.servlet.mvc.SimpleControllerHandlerAdapter.handle(SimpleControllerHandlerAdapter.java:48)
	at org.codehaus.groovy.grails.web.servlet.GrailsDispatcherServlet.doDispatch(GrailsDispatcherServlet.java:317)
	at org.springframework.web.servlet.DispatcherServlet.doService(DispatcherServlet.java:792)
	at org.springframework.web.servlet.FrameworkServlet.processRequest(FrameworkServlet.java:851)
	at org.springframework.web.servlet.FrameworkServlet.doGet(FrameworkServlet.java:756)
	at javax.servlet.http.HttpServlet.service(HttpServlet.java:621)
	at javax.servlet.http.HttpServlet.service(HttpServlet.java:722)
	at org.apache.catalina.core.ApplicationFilterChain.internalDoFilter(ApplicationFilterChain.java:304)
	at org.apache.catalina.core.ApplicationFilterChain.doFilter(ApplicationFilterChain.java:210)
	at org.springframework.web.filter.OncePerRequestFilter.doFilter(OncePerRequestFilter.java:70)
	at org.apache.catalina.core.ApplicationFilterChain.internalDoFilter(ApplicationFilterChain.java:243)
	at org.apache.catalina.core.ApplicationFilterChain.doFilter(ApplicationFilterChain.java:210)
	at org.springframework.web.filter.OncePerRequestFilter.doFilter(OncePerRequestFilter.java:70)
	at org.apache.catalina.core.ApplicationFilterChain.internalDoFilter(ApplicationFilterChain.java:243)
	at org.apache.catalina.core.ApplicationFilterChain.doFilter(ApplicationFilterChain.java:210)
	at org.springframework.web.filter.OncePerRequestFilter.doFilter(OncePerRequestFilter.java:70)
	at org.apache.catalina.core.ApplicationFilterChain.internalDoFilter(ApplicationFilterChain.java:243)
	at org.apache.catalina.core.ApplicationFilterChain.doFilter(ApplicationFilterChain.java:210)
	at org.apache.catalina.core.ApplicationDispatcher.invoke(ApplicationDispatcher.java:684)
	at org.apache.catalina.core.ApplicationDispatcher.processRequest(ApplicationDispatcher.java:471)
	at org.apache.catalina.core.ApplicationDispatcher.doForward(ApplicationDispatcher.java:402)
	at org.apache.catalina.core.ApplicationDispatcher.forward(ApplicationDispatcher.java:329)
	at org.codehaus.groovy.grails.web.util.WebUtils.forwardRequestForUrlMappingInfo(WebUtils.java:300)
	at org.codehaus.groovy.grails.web.util.WebUtils.forwardRequestForUrlMappingInfo(WebUtils.java:265)
	at org.codehaus.groovy.grails.web.util.WebUtils.forwardRequestForUrlMappingInfo(WebUtils.java:256)
	at org.codehaus.groovy.grails.web.mapping.filter.UrlMappingsFilter.doFilterInternal(UrlMappingsFilter.java:201)
	at org.springframework.web.filter.OncePerRequestFilter.doFilter(OncePerRequestFilter.java:76)
	at org.apache.catalina.core.ApplicationFilterChain.internalDoFilter(ApplicationFilterChain.java:243)
	at org.apache.catalina.core.ApplicationFilterChain.doFilter(ApplicationFilterChain.java:210)
	at org.codehaus.groovy.grails.web.sitemesh.GrailsPageFilter.obtainContent(GrailsPageFilter.java:240)
	at org.codehaus.groovy.grails.web.sitemesh.GrailsPageFilter.doFilter(GrailsPageFilter.java:150)
	at org.apache.catalina.core.ApplicationFilterChain.internalDoFilter(ApplicationFilterChain.java:243)
	at org.apache.catalina.core.ApplicationFilterChain.doFilter(ApplicationFilterChain.java:210)
	at org.codehaus.groovy.grails.web.servlet.mvc.GrailsWebRequestFilter.doFilterInternal(GrailsWebRequestFilter.java:69)
	at org.springframework.web.filter.OncePerRequestFilter.doFilter(OncePerRequestFilter.java:76)
	at org.apache.catalina.core.ApplicationFilterChain.internalDoFilter(ApplicationFilterChain.java:243)
	at org.apache.catalina.core.ApplicationFilterChain.doFilter(ApplicationFilterChain.java:210)
	at org.codehaus.groovy.grails.web.filters.HiddenHttpMethodFilter.doFilterInternal(HiddenHttpMethodFilter.java:69)
	at org.springframework.web.filter.OncePerRequestFilter.doFilter(OncePerRequestFilter.java:76)
	at org.apache.catalina.core.ApplicationFilterChain.internalDoFilter(ApplicationFilterChain.java:243)
	at org.apache.catalina.core.ApplicationFilterChain.doFilter(ApplicationFilterChain.java:210)
	at org.springframework.web.filter.CharacterEncodingFilter.doFilterInternal(CharacterEncodingFilter.java:88)
	at org.springframework.web.filter.OncePerRequestFilter.doFilter(OncePerRequestFilter.java:76)
	at org.springframework.web.filter.DelegatingFilterProxy.invokeDelegate(DelegatingFilterProxy.java:346)
	at org.springframework.web.filter.DelegatingFilterProxy.doFilter(DelegatingFilterProxy.java:259)
	at org.apache.catalina.core.ApplicationFilterChain.internalDoFilter(ApplicationFilterChain.java:243)
	at org.apache.catalina.core.ApplicationFilterChain.doFilter(ApplicationFilterChain.java:210)
	at org.apache.catalina.core.StandardWrapperValve.invoke(StandardWrapperValve.java:240)
	at org.apache.catalina.core.StandardContextValve.invoke(StandardContextValve.java:164)
	at org.apache.catalina.authenticator.AuthenticatorBase.invoke(AuthenticatorBase.java:462)
	at org.apache.catalina.core.StandardHostValve.invoke(StandardHostValve.java:164)
	at org.apache.catalina.valves.ErrorReportValve.invoke(ErrorReportValve.java:100)
	at org.apache.catalina.core.StandardEngineValve.invoke(StandardEngineValve.java:118)
	at org.apache.catalina.connector.CoyoteAdapter.service(CoyoteAdapter.java:403)
	at org.apache.coyote.http11.Http11Processor.process(Http11Processor.java:301)
	at org.apache.coyote.http11.Http11Protocol$Http11ConnectionHandler.process(Http11Protocol.java:162)
	at org.apache.tomcat.util.net.JIoEndpoint$SocketProcessor.run(JIoEndpoint.java:309)
	at java.util.concurrent.ThreadPoolExecutor$Worker.runTask(ThreadPoolExecutor.java:886)
	at java.util.concurrent.ThreadPoolExecutor$Worker.run(ThreadPoolExecutor.java:908)
	at java.lang.Thread.run(Thread.java:619)
2011-10-13 19:42:06,910 ["http-bio-8080"-exec-7] ERROR StackTrace  - Full Stack Trace:
java.io.IOException: couldn't connect to [/127.0.0.1:27017] bc:java.net.ConnectException: Connection refused
	at com.mongodb.DBPort._open(DBPort.java:206)
	at com.mongodb.DBPort.go(DBPort.java:94)
	at com.mongodb.DBPort.go(DBPort.java:75)
	at com.mongodb.DBPort.call(DBPort.java:65)
	at com.mongodb.DBTCPConnector.call(DBTCPConnector.java:201)
	at com.mongodb.DBTCPConnector.call(DBTCPConnector.java:220)
	at com.mongodb.DBApiLayer$MyCollection.__find(DBApiLayer.java:295)
	at com.mongodb.DBCursor._check(DBCursor.java:354)
	at com.mongodb.DBCursor._hasNext(DBCursor.java:484)
	at com.mongodb.DBCursor._fill(DBCursor.java:544)
	at com.mongodb.DBCursor.toArray(DBCursor.java:582)
	at com.mongodb.DBCursor.toArray(DBCursor.java:570)
	at org.grails.datastore.mapping.mongo.query.MongoQuery$MongoResultList.<init>(MongoQuery.java:688)
	at org.grails.datastore.mapping.mongo.query.MongoQuery$27.doInDB(MongoQuery.java:402)
	at org.grails.datastore.mapping.mongo.query.MongoQuery$27.doInDB(MongoQuery.java:374)
	at org.grails.datastore.mapping.mongo.query.MongoQuery.executeQuery(MongoQuery.java:374)
	at org.grails.datastore.mapping.query.Query.list(Query.java:517)
	at org.grails.datastore.gorm.GormStaticApi$_list_closure12.doCall(GormStaticApi.groovy:280)
	at org.grails.datastore.mapping.core.DatastoreUtils.execute(DatastoreUtils.java:301)
	at org.grails.datastore.gorm.AbstractDatastoreApi.execute(AbstractDatastoreApi.groovy:34)
	at org.grails.datastore.gorm.GormStaticApi.list(GormStaticApi.groovy:277)
	at org.grails.datastore.gorm.StaticMethodInvokingClosure.call(GormEnhancer.groovy:268)
	at br.com.gfuture.grails.full.example.UserController.list(UserController.groovy:15)
	at java.util.concurrent.ThreadPoolExecutor$Worker.runTask(ThreadPoolExecutor.java:886)
	at java.util.concurrent.ThreadPoolExecutor$Worker.run(ThreadPoolExecutor.java:908)
	at java.lang.Thread.run(Thread.java:619)
2011-10-13 19:42:06,912 ["http-bio-8080"-exec-7] ERROR StackTrace  - Full Stack Trace:
java.io.IOException: couldn't connect to [/127.0.0.1:27017] bc:java.net.ConnectException: Connection refused
	at com.mongodb.DBPort._open(DBPort.java:206)
	at com.mongodb.DBPort.go(DBPort.java:94)
	at com.mongodb.DBPort.go(DBPort.java:75)
	at com.mongodb.DBPort.call(DBPort.java:65)
	at com.mongodb.DBTCPConnector.call(DBTCPConnector.java:201)
	at com.mongodb.DBTCPConnector.call(DBTCPConnector.java:220)
	at com.mongodb.DBTCPConnector.call(DBTCPConnector.java:220)
	at com.mongodb.DBApiLayer$MyCollection.__find(DBApiLayer.java:295)
	at com.mongodb.DBCursor._check(DBCursor.java:354)
	at com.mongodb.DBCursor._hasNext(DBCursor.java:484)
	at com.mongodb.DBCursor._fill(DBCursor.java:544)
	at com.mongodb.DBCursor.toArray(DBCursor.java:582)
	at com.mongodb.DBCursor.toArray(DBCursor.java:570)
	at org.grails.datastore.mapping.mongo.query.MongoQuery$MongoResultList.<init>(MongoQuery.java:688)
	at org.grails.datastore.mapping.mongo.query.MongoQuery$27.doInDB(MongoQuery.java:402)
	at org.grails.datastore.mapping.mongo.query.MongoQuery$27.doInDB(MongoQuery.java:374)
	at org.springframework.data.document.mongodb.MongoTemplate.execute(MongoTemplate.java:331)
	at org.grails.datastore.mapping.mongo.query.MongoQuery.executeQuery(MongoQuery.java:374)
	at org.grails.datastore.mapping.query.Query.list(Query.java:517)
	at org.grails.datastore.mapping.query.Query$list.call(Unknown Source)
	at org.grails.datastore.gorm.GormStaticApi$_list_closure12.doCall(GormStaticApi.groovy:280)
	at sun.reflect.NativeMethodAccessorImpl.invoke0(Native Method)
	at sun.reflect.NativeMethodAccessorImpl.invoke(NativeMethodAccessorImpl.java:39)
	at sun.reflect.DelegatingMethodAccessorImpl.invoke(DelegatingMethodAccessorImpl.java:25)
	at java.lang.reflect.Method.invoke(Method.java:597)
	at org.codehaus.groovy.reflection.CachedMethod.invoke(CachedMethod.java:90)
	at groovy.lang.MetaMethod.doMethodInvoke(MetaMethod.java:233)
	at groovy.lang.MetaClassImpl.invokeMethod(MetaClassImpl.java:1053)
	at groovy.lang.ExpandoMetaClass.invokeMethod(ExpandoMetaClass.java:1071)
	at groovy.lang.MetaClassImpl.invokeMethod(MetaClassImpl.java:883)
	at groovy.lang.Closure.call(Closure.java:410)
	at org.codehaus.groovy.runtime.ConvertedClosure.invokeCustom(ConvertedClosure.java:51)
	at org.codehaus.groovy.runtime.ConversionHandler.invoke(ConversionHandler.java:82)
	at $Proxy14.doInSession(Unknown Source)
	at org.grails.datastore.mapping.core.DatastoreUtils.execute(DatastoreUtils.java:301)
	at org.grails.datastore.mapping.core.DatastoreUtils$execute.call(Unknown Source)
	at org.grails.datastore.gorm.AbstractDatastoreApi.execute(AbstractDatastoreApi.groovy:34)
	at sun.reflect.NativeMethodAccessorImpl.invoke0(Native Method)
	at sun.reflect.NativeMethodAccessorImpl.invoke(NativeMethodAccessorImpl.java:39)
	at sun.reflect.DelegatingMethodAccessorImpl.invoke(DelegatingMethodAccessorImpl.java:25)
	at java.lang.reflect.Method.invoke(Method.java:597)
	at org.codehaus.groovy.runtime.callsite.PogoMetaMethodSite$PogoCachedMethodSite.invoke(PogoMetaMethodSite.java:226)
	at org.codehaus.groovy.runtime.callsite.PogoMetaMethodSite.callCurrent(PogoMetaMethodSite.java:52)
	at org.codehaus.groovy.runtime.callsite.AbstractCallSite.callCurrent(AbstractCallSite.java:141)
	at org.grails.datastore.gorm.GormStaticApi.list(GormStaticApi.groovy:277)
	at sun.reflect.NativeMethodAccessorImpl.invoke0(Native Method)
	at sun.reflect.NativeMethodAccessorImpl.invoke(NativeMethodAccessorImpl.java:39)
	at sun.reflect.DelegatingMethodAccessorImpl.invoke(DelegatingMethodAccessorImpl.java:25)
	at java.lang.reflect.Method.invoke(Method.java:597)
	at org.codehaus.groovy.reflection.CachedMethod.invoke(CachedMethod.java:90)
	at groovy.lang.MetaMethod.doMethodInvoke(MetaMethod.java:233)
	at groovy.lang.MetaClassImpl.invokeMethod(MetaClassImpl.java:1053)
	at groovy.lang.ExpandoMetaClass.invokeMethod(ExpandoMetaClass.java:1071)
	at groovy.lang.MetaClassImpl.invokeMethod(MetaClassImpl.java:883)
	at org.codehaus.groovy.runtime.InvokerHelper.invokePogoMethod(InvokerHelper.java:793)
	at org.codehaus.groovy.runtime.InvokerHelper.invokeMethod(InvokerHelper.java:776)
	at org.codehaus.groovy.runtime.ScriptBytecodeAdapter.invokeMethodN(ScriptBytecodeAdapter.java:164)
	at org.grails.datastore.gorm.StaticMethodInvokingClosure.call(GormEnhancer.groovy:268)
	at org.codehaus.groovy.runtime.metaclass.ClosureStaticMetaMethod.invoke(ClosureStaticMetaMethod.java:59)
	at org.codehaus.groovy.runtime.callsite.StaticMetaMethodSite$StaticMetaMethodSiteNoUnwrapNoCoerce.invoke(StaticMetaMethodSite.java:148)
	at org.codehaus.groovy.runtime.callsite.StaticMetaMethodSite.call(StaticMetaMethodSite.java:88)
	at org.codehaus.groovy.runtime.callsite.AbstractCallSite.call(AbstractCallSite.java:116)
	at br.com.gfuture.grails.full.example.UserController.list(UserController.groovy:15)
	at sun.reflect.NativeMethodAccessorImpl.invoke0(Native Method)
	at sun.reflect.NativeMethodAccessorImpl.invoke(NativeMethodAccessorImpl.java:39)
	at sun.reflect.DelegatingMethodAccessorImpl.invoke(DelegatingMethodAccessorImpl.java:25)
	at java.lang.reflect.Method.invoke(Method.java:597)
	at org.codehaus.groovy.grails.web.servlet.mvc.MixedGrailsControllerHelper.invoke(MixedGrailsControllerHelper.java:67)
	at org.codehaus.groovy.grails.web.servlet.mvc.AbstractGrailsControllerHelper.handleAction(AbstractGrailsControllerHelper.java:330)
	at org.codehaus.groovy.grails.web.servlet.mvc.AbstractGrailsControllerHelper.executeAction(AbstractGrailsControllerHelper.java:211)
	at org.codehaus.groovy.grails.web.servlet.mvc.AbstractGrailsControllerHelper.handleURI(AbstractGrailsControllerHelper.java:177)
	at org.codehaus.groovy.grails.web.servlet.mvc.AbstractGrailsControllerHelper.handleURI(AbstractGrailsControllerHelper.java:116)
	at org.codehaus.groovy.grails.web.servlet.mvc.SimpleGrailsController.handleRequest(SimpleGrailsController.java:72)
	at org.springframework.web.servlet.mvc.SimpleControllerHandlerAdapter.handle(SimpleControllerHandlerAdapter.java:48)
	at org.codehaus.groovy.grails.web.servlet.GrailsDispatcherServlet.doDispatch(GrailsDispatcherServlet.java:317)
	at org.springframework.web.servlet.DispatcherServlet.doService(DispatcherServlet.java:792)
	at org.springframework.web.servlet.FrameworkServlet.processRequest(FrameworkServlet.java:851)
	at org.springframework.web.servlet.FrameworkServlet.doGet(FrameworkServlet.java:756)
	at javax.servlet.http.HttpServlet.service(HttpServlet.java:621)
	at javax.servlet.http.HttpServlet.service(HttpServlet.java:722)
	at org.apache.catalina.core.ApplicationFilterChain.internalDoFilter(ApplicationFilterChain.java:304)
	at org.apache.catalina.core.ApplicationFilterChain.doFilter(ApplicationFilterChain.java:210)
	at org.springframework.web.filter.OncePerRequestFilter.doFilter(OncePerRequestFilter.java:70)
	at org.apache.catalina.core.ApplicationFilterChain.internalDoFilter(ApplicationFilterChain.java:243)
	at org.apache.catalina.core.ApplicationFilterChain.doFilter(ApplicationFilterChain.java:210)
	at org.springframework.web.filter.OncePerRequestFilter.doFilter(OncePerRequestFilter.java:70)
	at org.apache.catalina.core.ApplicationFilterChain.internalDoFilter(ApplicationFilterChain.java:243)
	at org.apache.catalina.core.ApplicationFilterChain.doFilter(ApplicationFilterChain.java:210)
	at org.springframework.web.filter.OncePerRequestFilter.doFilter(OncePerRequestFilter.java:70)
	at org.apache.catalina.core.ApplicationFilterChain.internalDoFilter(ApplicationFilterChain.java:243)
	at org.apache.catalina.core.ApplicationFilterChain.doFilter(ApplicationFilterChain.java:210)
	at org.apache.catalina.core.ApplicationDispatcher.invoke(ApplicationDispatcher.java:684)
	at org.apache.catalina.core.ApplicationDispatcher.processRequest(ApplicationDispatcher.java:471)
	at org.apache.catalina.core.ApplicationDispatcher.doForward(ApplicationDispatcher.java:402)
	at org.apache.catalina.core.ApplicationDispatcher.forward(ApplicationDispatcher.java:329)
	at org.codehaus.groovy.grails.web.util.WebUtils.forwardRequestForUrlMappingInfo(WebUtils.java:300)
	at org.codehaus.groovy.grails.web.util.WebUtils.forwardRequestForUrlMappingInfo(WebUtils.java:265)
	at org.codehaus.groovy.grails.web.util.WebUtils.forwardRequestForUrlMappingInfo(WebUtils.java:256)
	at org.codehaus.groovy.grails.web.mapping.filter.UrlMappingsFilter.doFilterInternal(UrlMappingsFilter.java:201)
	at org.springframework.web.filter.OncePerRequestFilter.doFilter(OncePerRequestFilter.java:76)
	at org.apache.catalina.core.ApplicationFilterChain.internalDoFilter(ApplicationFilterChain.java:243)
	at org.apache.catalina.core.ApplicationFilterChain.doFilter(ApplicationFilterChain.java:210)
	at org.codehaus.groovy.grails.web.sitemesh.GrailsPageFilter.obtainContent(GrailsPageFilter.java:240)
	at org.codehaus.groovy.grails.web.sitemesh.GrailsPageFilter.doFilter(GrailsPageFilter.java:150)
	at org.apache.catalina.core.ApplicationFilterChain.internalDoFilter(ApplicationFilterChain.java:243)
	at org.apache.catalina.core.ApplicationFilterChain.doFilter(ApplicationFilterChain.java:210)
	at org.codehaus.groovy.grails.web.servlet.mvc.GrailsWebRequestFilter.doFilterInternal(GrailsWebRequestFilter.java:69)
	at org.springframework.web.filter.OncePerRequestFilter.doFilter(OncePerRequestFilter.java:76)
	at org.apache.catalina.core.ApplicationFilterChain.internalDoFilter(ApplicationFilterChain.java:243)
	at org.apache.catalina.core.ApplicationFilterChain.doFilter(ApplicationFilterChain.java:210)
	at org.codehaus.groovy.grails.web.filters.HiddenHttpMethodFilter.doFilterInternal(HiddenHttpMethodFilter.java:69)
	at org.springframework.web.filter.OncePerRequestFilter.doFilter(OncePerRequestFilter.java:76)
	at org.apache.catalina.core.ApplicationFilterChain.internalDoFilter(ApplicationFilterChain.java:243)
	at org.apache.catalina.core.ApplicationFilterChain.doFilter(ApplicationFilterChain.java:210)
	at org.springframework.web.filter.CharacterEncodingFilter.doFilterInternal(CharacterEncodingFilter.java:88)
	at org.springframework.web.filter.OncePerRequestFilter.doFilter(OncePerRequestFilter.java:76)
	at org.springframework.web.filter.DelegatingFilterProxy.invokeDelegate(DelegatingFilterProxy.java:346)
	at org.springframework.web.filter.DelegatingFilterProxy.doFilter(DelegatingFilterProxy.java:259)
	at org.apache.catalina.core.ApplicationFilterChain.internalDoFilter(ApplicationFilterChain.java:243)
	at org.apache.catalina.core.ApplicationFilterChain.doFilter(ApplicationFilterChain.java:210)
	at org.apache.catalina.core.StandardWrapperValve.invoke(StandardWrapperValve.java:240)
	at org.apache.catalina.core.StandardContextValve.invoke(StandardContextValve.java:164)
	at org.apache.catalina.authenticator.AuthenticatorBase.invoke(AuthenticatorBase.java:462)
	at org.apache.catalina.core.StandardHostValve.invoke(StandardHostValve.java:164)
	at org.apache.catalina.valves.ErrorReportValve.invoke(ErrorReportValve.java:100)
	at org.apache.catalina.core.StandardEngineValve.invoke(StandardEngineValve.java:118)
	at org.apache.catalina.connector.CoyoteAdapter.service(CoyoteAdapter.java:403)
	at org.apache.coyote.http11.Http11Processor.process(Http11Processor.java:301)
	at org.apache.coyote.http11.Http11Protocol$Http11ConnectionHandler.process(Http11Protocol.java:162)
	at org.apache.tomcat.util.net.JIoEndpoint$SocketProcessor.run(JIoEndpoint.java:309)
	at java.util.concurrent.ThreadPoolExecutor$Worker.runTask(ThreadPoolExecutor.java:886)
	at java.util.concurrent.ThreadPoolExecutor$Worker.run(ThreadPoolExecutor.java:908)
	at java.lang.Thread.run(Thread.java:619)
2011-10-13 19:42:06,913 ["http-bio-8080"-exec-7] ERROR StackTrace  - Full Stack Trace:
java.io.IOException: couldn't connect to [/127.0.0.1:27017] bc:java.net.ConnectException: Connection refused
	at com.mongodb.DBPort._open(DBPort.java:206)
	at com.mongodb.DBPort.go(DBPort.java:94)
	at com.mongodb.DBPort.go(DBPort.java:75)
	at com.mongodb.DBPort.call(DBPort.java:65)
	at com.mongodb.DBTCPConnector.call(DBTCPConnector.java:201)
	at com.mongodb.DBTCPConnector.call(DBTCPConnector.java:220)
	at com.mongodb.DBTCPConnector.call(DBTCPConnector.java:220)
	at com.mongodb.DBApiLayer$MyCollection.__find(DBApiLayer.java:295)
	at com.mongodb.DBCursor._check(DBCursor.java:354)
	at com.mongodb.DBCursor._hasNext(DBCursor.java:484)
	at com.mongodb.DBCursor._fill(DBCursor.java:544)
	at com.mongodb.DBCursor.toArray(DBCursor.java:582)
	at com.mongodb.DBCursor.toArray(DBCursor.java:570)
	at org.grails.datastore.mapping.mongo.query.MongoQuery$MongoResultList.<init>(MongoQuery.java:688)
	at org.grails.datastore.mapping.mongo.query.MongoQuery$27.doInDB(MongoQuery.java:402)
	at org.grails.datastore.mapping.mongo.query.MongoQuery$27.doInDB(MongoQuery.java:374)
	at org.grails.datastore.mapping.mongo.query.MongoQuery.executeQuery(MongoQuery.java:374)
	at org.grails.datastore.mapping.query.Query.list(Query.java:517)
	at org.grails.datastore.gorm.GormStaticApi$_list_closure12.doCall(GormStaticApi.groovy:280)
	at org.grails.datastore.mapping.core.DatastoreUtils.execute(DatastoreUtils.java:301)
	at org.grails.datastore.gorm.AbstractDatastoreApi.execute(AbstractDatastoreApi.groovy:34)
	at org.grails.datastore.gorm.GormStaticApi.list(GormStaticApi.groovy:277)
	at org.grails.datastore.gorm.StaticMethodInvokingClosure.call(GormEnhancer.groovy:268)
	at br.com.gfuture.grails.full.example.UserController.list(UserController.groovy:15)
	at java.util.concurrent.ThreadPoolExecutor$Worker.runTask(ThreadPoolExecutor.java:886)
	at java.util.concurrent.ThreadPoolExecutor$Worker.run(ThreadPoolExecutor.java:908)
	at java.lang.Thread.run(Thread.java:619)
2011-10-13 19:42:06,916 ["http-bio-8080"-exec-7] ERROR StackTrace  - Full Stack Trace:
java.io.IOException: couldn't connect to [/127.0.0.1:27017] bc:java.net.ConnectException: Connection refused
	at com.mongodb.DBPort._open(DBPort.java:206)
	at com.mongodb.DBPort.go(DBPort.java:94)
	at com.mongodb.DBPort.go(DBPort.java:75)
	at com.mongodb.DBPort.call(DBPort.java:65)
	at com.mongodb.DBTCPConnector.call(DBTCPConnector.java:201)
	at com.mongodb.DBTCPConnector.call(DBTCPConnector.java:220)
	at com.mongodb.DBTCPConnector.call(DBTCPConnector.java:220)
	at com.mongodb.DBApiLayer$MyCollection.__find(DBApiLayer.java:295)
	at com.mongodb.DBCursor._check(DBCursor.java:354)
	at com.mongodb.DBCursor._hasNext(DBCursor.java:484)
	at com.mongodb.DBCursor._fill(DBCursor.java:544)
	at com.mongodb.DBCursor.toArray(DBCursor.java:582)
	at com.mongodb.DBCursor.toArray(DBCursor.java:570)
	at org.grails.datastore.mapping.mongo.query.MongoQuery$MongoResultList.<init>(MongoQuery.java:688)
	at org.grails.datastore.mapping.mongo.query.MongoQuery$27.doInDB(MongoQuery.java:402)
	at org.grails.datastore.mapping.mongo.query.MongoQuery$27.doInDB(MongoQuery.java:374)
	at org.grails.datastore.mapping.mongo.query.MongoQuery.executeQuery(MongoQuery.java:374)
	at org.grails.datastore.mapping.query.Query.list(Query.java:517)
	at org.grails.datastore.gorm.GormStaticApi$_list_closure12.doCall(GormStaticApi.groovy:280)
	at org.grails.datastore.mapping.core.DatastoreUtils.execute(DatastoreUtils.java:301)
	at org.grails.datastore.gorm.AbstractDatastoreApi.execute(AbstractDatastoreApi.groovy:34)
	at org.grails.datastore.gorm.GormStaticApi.list(GormStaticApi.groovy:277)
	at org.grails.datastore.gorm.StaticMethodInvokingClosure.call(GormEnhancer.groovy:268)
	at br.com.gfuture.grails.full.example.UserController.list(UserController.groovy:15)
	at java.util.concurrent.ThreadPoolExecutor$Worker.runTask(ThreadPoolExecutor.java:886)
	at java.util.concurrent.ThreadPoolExecutor$Worker.run(ThreadPoolExecutor.java:908)
	at java.lang.Thread.run(Thread.java:619)
2011-10-13 19:42:06,917 ["http-bio-8080"-exec-7] ERROR StackTrace  - Full Stack Trace:
java.io.IOException: couldn't connect to [/127.0.0.1:27017] bc:java.net.ConnectException: Connection refused
	at com.mongodb.DBPort._open(DBPort.java:206)
	at com.mongodb.DBPort.go(DBPort.java:94)
	at com.mongodb.DBPort.go(DBPort.java:75)
	at com.mongodb.DBPort.call(DBPort.java:65)
	at com.mongodb.DBTCPConnector.call(DBTCPConnector.java:201)
	at com.mongodb.DBTCPConnector.call(DBTCPConnector.java:220)
	at com.mongodb.DBTCPConnector.call(DBTCPConnector.java:220)
	at com.mongodb.DBApiLayer$MyCollection.__find(DBApiLayer.java:295)
	at com.mongodb.DBCursor._check(DBCursor.java:354)
	at com.mongodb.DBCursor._hasNext(DBCursor.java:484)
	at com.mongodb.DBCursor._fill(DBCursor.java:544)
	at com.mongodb.DBCursor.toArray(DBCursor.java:582)
	at com.mongodb.DBCursor.toArray(DBCursor.java:570)
	at org.grails.datastore.mapping.mongo.query.MongoQuery$MongoResultList.<init>(MongoQuery.java:688)
	at org.grails.datastore.mapping.mongo.query.MongoQuery$27.doInDB(MongoQuery.java:402)
	at org.grails.datastore.mapping.mongo.query.MongoQuery$27.doInDB(MongoQuery.java:374)
	at org.grails.datastore.mapping.mongo.query.MongoQuery.executeQuery(MongoQuery.java:374)
	at org.grails.datastore.mapping.query.Query.list(Query.java:517)
	at org.grails.datastore.gorm.GormStaticApi$_list_closure12.doCall(GormStaticApi.groovy:280)
	at org.grails.datastore.mapping.core.DatastoreUtils.execute(DatastoreUtils.java:301)
	at org.grails.datastore.gorm.AbstractDatastoreApi.execute(AbstractDatastoreApi.groovy:34)
	at org.grails.datastore.gorm.GormStaticApi.list(GormStaticApi.groovy:277)
	at org.grails.datastore.gorm.StaticMethodInvokingClosure.call(GormEnhancer.groovy:268)
	at br.com.gfuture.grails.full.example.UserController.list(UserController.groovy:15)
	at java.util.concurrent.ThreadPoolExecutor$Worker.runTask(ThreadPoolExecutor.java:886)
	at java.util.concurrent.ThreadPoolExecutor$Worker.run(ThreadPoolExecutor.java:908)
	at java.lang.Thread.run(Thread.java:619)
2011-10-13 19:42:06,921 ["http-bio-8080"-exec-7] ERROR StackTrace  - Full Stack Trace:
java.io.IOException: couldn't connect to [/127.0.0.1:27017] bc:java.net.ConnectException: Connection refused
	at com.mongodb.DBPort._open(DBPort.java:206)
	at com.mongodb.DBPort.go(DBPort.java:94)
	at com.mongodb.DBPort.go(DBPort.java:75)
	at com.mongodb.DBPort.call(DBPort.java:65)
	at com.mongodb.DBTCPConnector.call(DBTCPConnector.java:201)
	at com.mongodb.DBTCPConnector.call(DBTCPConnector.java:220)
	at com.mongodb.DBTCPConnector.call(DBTCPConnector.java:220)
	at com.mongodb.DBApiLayer$MyCollection.__find(DBApiLayer.java:295)
	at com.mongodb.DBCursor._check(DBCursor.java:354)
	at com.mongodb.DBCursor._hasNext(DBCursor.java:484)
	at com.mongodb.DBCursor._fill(DBCursor.java:544)
	at com.mongodb.DBCursor.toArray(DBCursor.java:582)
	at com.mongodb.DBCursor.toArray(DBCursor.java:570)
	at org.grails.datastore.mapping.mongo.query.MongoQuery$MongoResultList.<init>(MongoQuery.java:688)
	at org.grails.datastore.mapping.mongo.query.MongoQuery$27.doInDB(MongoQuery.java:402)
	at org.grails.datastore.mapping.mongo.query.MongoQuery$27.doInDB(MongoQuery.java:374)
	at org.grails.datastore.mapping.mongo.query.MongoQuery.executeQuery(MongoQuery.java:374)
	at org.grails.datastore.mapping.query.Query.list(Query.java:517)
	at org.grails.datastore.gorm.GormStaticApi$_list_closure12.doCall(GormStaticApi.groovy:280)
	at org.grails.datastore.mapping.core.DatastoreUtils.execute(DatastoreUtils.java:301)
	at org.grails.datastore.gorm.AbstractDatastoreApi.execute(AbstractDatastoreApi.groovy:34)
	at org.grails.datastore.gorm.GormStaticApi.list(GormStaticApi.groovy:277)
	at org.grails.datastore.gorm.StaticMethodInvokingClosure.call(GormEnhancer.groovy:268)
	at br.com.gfuture.grails.full.example.UserController.list(UserController.groovy:15)
	at java.util.concurrent.ThreadPoolExecutor$Worker.runTask(ThreadPoolExecutor.java:886)
	at java.util.concurrent.ThreadPoolExecutor$Worker.run(ThreadPoolExecutor.java:908)
	at java.lang.Thread.run(Thread.java:619)
2011-10-13 19:42:06,921 ["http-bio-8080"-exec-7] ERROR StackTrace  - Full Stack Trace:
java.io.IOException: couldn't connect to [/127.0.0.1:27017] bc:java.net.ConnectException: Connection refused
	at com.mongodb.DBPort._open(DBPort.java:206)
	at com.mongodb.DBPort.go(DBPort.java:94)
	at com.mongodb.DBPort.go(DBPort.java:75)
	at com.mongodb.DBPort.call(DBPort.java:65)
	at com.mongodb.DBTCPConnector.call(DBTCPConnector.java:201)
	at com.mongodb.DBTCPConnector.call(DBTCPConnector.java:220)
	at com.mongodb.DBTCPConnector.call(DBTCPConnector.java:220)
	at com.mongodb.DBApiLayer$MyCollection.__find(DBApiLayer.java:295)
	at com.mongodb.DBCursor._check(DBCursor.java:354)
	at com.mongodb.DBCursor._hasNext(DBCursor.java:484)
	at com.mongodb.DBCursor._fill(DBCursor.java:544)
	at com.mongodb.DBCursor.toArray(DBCursor.java:582)
	at com.mongodb.DBCursor.toArray(DBCursor.java:570)
	at org.grails.datastore.mapping.mongo.query.MongoQuery$MongoResultList.<init>(MongoQuery.java:688)
	at org.grails.datastore.mapping.mongo.query.MongoQuery$27.doInDB(MongoQuery.java:402)
	at org.grails.datastore.mapping.mongo.query.MongoQuery$27.doInDB(MongoQuery.java:374)
	at org.grails.datastore.mapping.mongo.query.MongoQuery.executeQuery(MongoQuery.java:374)
	at org.grails.datastore.mapping.query.Query.list(Query.java:517)
	at org.grails.datastore.gorm.GormStaticApi$_list_closure12.doCall(GormStaticApi.groovy:280)
	at org.grails.datastore.mapping.core.DatastoreUtils.execute(DatastoreUtils.java:301)
	at org.grails.datastore.gorm.AbstractDatastoreApi.execute(AbstractDatastoreApi.groovy:34)
	at org.grails.datastore.gorm.GormStaticApi.list(GormStaticApi.groovy:277)
	at org.grails.datastore.gorm.StaticMethodInvokingClosure.call(GormEnhancer.groovy:268)
	at br.com.gfuture.grails.full.example.UserController.list(UserController.groovy:15)
	at java.util.concurrent.ThreadPoolExecutor$Worker.runTask(ThreadPoolExecutor.java:886)
	at java.util.concurrent.ThreadPoolExecutor$Worker.run(ThreadPoolExecutor.java:908)
	at java.lang.Thread.run(Thread.java:619)
